{"/home/travis/build/npmtest/node-npmtest-lost/test.js":{"path":"/home/travis/build/npmtest/node-npmtest-lost/test.js","s":{"1":2,"2":2,"3":2,"4":2,"5":2,"6":2,"7":2,"8":1,"9":2,"10":2,"11":1,"12":1,"13":1,"14":1,"15":2,"16":2,"17":2,"18":2,"19":1,"20":1,"21":2,"22":2,"23":2,"24":1,"25":1,"26":1,"27":1,"28":1,"29":1,"30":1,"31":1,"32":1,"33":1,"34":1,"35":1,"36":1,"37":1,"38":1,"39":2,"40":2,"41":1,"42":2,"43":2,"44":1,"45":2,"46":2,"47":1,"48":2,"49":2,"50":1,"51":1,"52":1,"53":1,"54":1},"b":{"1":[2,1,1,1],"2":[1,1,1,1],"3":[1,1],"4":[1,1],"5":[1,1],"6":[1,1],"7":[1,1],"8":[1,1],"9":[1,1],"10":[1,1,1],"11":[1,1],"12":[1,1],"13":[1,1],"14":[1,1],"15":[1,1],"16":[1,1],"17":[1,1]},"f":{"1":2,"2":2,"3":2,"4":2,"5":2,"6":1,"7":1,"8":1,"9":2,"10":2,"11":2,"12":2,"13":1},"fnMap":{"1":{"name":"(anonymous_1)","line":12,"loc":{"start":{"line":12,"column":1},"end":{"line":12,"column":13}}},"2":{"name":"(anonymous_2)","line":19,"loc":{"start":{"line":19,"column":5},"end":{"line":19,"column":17}}},"3":{"name":"(anonymous_3)","line":23,"loc":{"start":{"line":23,"column":24},"end":{"line":23,"column":36}}},"4":{"name":"(anonymous_4)","line":61,"loc":{"start":{"line":61,"column":5},"end":{"line":61,"column":17}}},"5":{"name":"(anonymous_5)","line":82,"loc":{"start":{"line":82,"column":5},"end":{"line":82,"column":17}}},"6":{"name":"(anonymous_6)","line":91,"loc":{"start":{"line":91,"column":77},"end":{"line":94,"column":10}}},"7":{"name":"(anonymous_7)","line":112,"loc":{"start":{"line":112,"column":83},"end":{"line":115,"column":10}},"skip":true},"8":{"name":"(anonymous_8)","line":123,"loc":{"start":{"line":123,"column":77},"end":{"line":126,"column":10}},"skip":true},"9":{"name":"(anonymous_9)","line":139,"loc":{"start":{"line":139,"column":12},"end":{"line":139,"column":40}},"skip":true},"10":{"name":"(anonymous_10)","line":147,"loc":{"start":{"line":147,"column":77},"end":{"line":150,"column":10}},"skip":true},"11":{"name":"(anonymous_11)","line":158,"loc":{"start":{"line":158,"column":83},"end":{"line":161,"column":10}},"skip":true},"12":{"name":"(anonymous_12)","line":169,"loc":{"start":{"line":169,"column":79},"end":{"line":172,"column":10}},"skip":true},"13":{"name":"(anonymous_13)","line":180,"loc":{"start":{"line":180,"column":75},"end":{"line":183,"column":10}},"skip":true}},"statementMap":{"1":{"start":{"line":12,"column":0},"end":{"line":195,"column":5}},"2":{"start":{"line":14,"column":4},"end":{"line":14,"column":14}},"3":{"start":{"line":19,"column":4},"end":{"line":56,"column":9}},"4":{"start":{"line":21,"column":8},"end":{"line":21,"column":19}},"5":{"start":{"line":23,"column":8},"end":{"line":35,"column":13}},"6":{"start":{"line":24,"column":12},"end":{"line":34,"column":13}},"7":{"start":{"line":25,"column":16},"end":{"line":28,"column":30}},"8":{"start":{"line":30,"column":16},"end":{"line":33,"column":27}},"9":{"start":{"line":37,"column":8},"end":{"line":39,"column":21}},"10":{"start":{"line":40,"column":8},"end":{"line":53,"column":9}},"11":{"start":{"line":43,"column":12},"end":{"line":46,"column":14}},"12":{"start":{"line":47,"column":12},"end":{"line":47,"column":18}},"13":{"start":{"line":50,"column":12},"end":{"line":51,"column":46}},"14":{"start":{"line":52,"column":12},"end":{"line":52,"column":18}},"15":{"start":{"line":55,"column":8},"end":{"line":55,"column":35}},"16":{"start":{"line":61,"column":4},"end":{"line":63,"column":9}},"17":{"start":{"line":62,"column":8},"end":{"line":62,"column":15}},"18":{"start":{"line":64,"column":4},"end":{"line":77,"column":5}},"19":{"start":{"line":70,"column":8},"end":{"line":70,"column":14}},"20":{"start":{"line":76,"column":8},"end":{"line":76,"column":14}},"21":{"start":{"line":82,"column":4},"end":{"line":84,"column":9}},"22":{"start":{"line":83,"column":8},"end":{"line":83,"column":15}},"23":{"start":{"line":85,"column":4},"end":{"line":194,"column":5}},"24":{"start":{"line":91,"column":8},"end":{"line":99,"column":10}},"25":{"start":{"line":98,"column":12},"end":{"line":98,"column":35}},"26":{"start":{"line":102,"column":8},"end":{"line":104,"column":63}},"27":{"start":{"line":105,"column":8},"end":{"line":105,"column":14}},"28":{"start":{"line":112,"column":8},"end":{"line":121,"column":10},"skip":true},"29":{"start":{"line":119,"column":12},"end":{"line":119,"column":55},"skip":true},"30":{"start":{"line":120,"column":12},"end":{"line":120,"column":48},"skip":true},"31":{"start":{"line":123,"column":8},"end":{"line":136,"column":10},"skip":true},"32":{"start":{"line":130,"column":12},"end":{"line":130,"column":76},"skip":true},"33":{"start":{"line":131,"column":12},"end":{"line":131,"column":73},"skip":true},"34":{"start":{"line":132,"column":12},"end":{"line":132,"column":74},"skip":true},"35":{"start":{"line":133,"column":12},"end":{"line":133,"column":79},"skip":true},"36":{"start":{"line":134,"column":12},"end":{"line":134,"column":25},"skip":true},"37":{"start":{"line":135,"column":12},"end":{"line":135,"column":45},"skip":true},"38":{"start":{"line":138,"column":8},"end":{"line":145,"column":14},"skip":true},"39":{"start":{"line":143,"column":16},"end":{"line":143,"column":29},"skip":true},"40":{"start":{"line":144,"column":16},"end":{"line":144,"column":55},"skip":true},"41":{"start":{"line":147,"column":8},"end":{"line":156,"column":10},"skip":true},"42":{"start":{"line":154,"column":12},"end":{"line":154,"column":25},"skip":true},"43":{"start":{"line":155,"column":12},"end":{"line":155,"column":45},"skip":true},"44":{"start":{"line":158,"column":8},"end":{"line":167,"column":10},"skip":true},"45":{"start":{"line":165,"column":12},"end":{"line":165,"column":25},"skip":true},"46":{"start":{"line":166,"column":12},"end":{"line":166,"column":48},"skip":true},"47":{"start":{"line":169,"column":8},"end":{"line":178,"column":10},"skip":true},"48":{"start":{"line":176,"column":12},"end":{"line":176,"column":25},"skip":true},"49":{"start":{"line":177,"column":12},"end":{"line":177,"column":46},"skip":true},"50":{"start":{"line":180,"column":8},"end":{"line":189,"column":10},"skip":true},"51":{"start":{"line":187,"column":12},"end":{"line":187,"column":94},"skip":true},"52":{"start":{"line":188,"column":12},"end":{"line":188,"column":48},"skip":true},"53":{"start":{"line":192,"column":8},"end":{"line":192,"column":35},"skip":true},"54":{"start":{"line":193,"column":8},"end":{"line":193,"column":14},"skip":true}},"branchMap":{"1":{"line":25,"type":"binary-expr","locations":[{"start":{"line":25,"column":23},"end":{"line":25,"column":62}},{"start":{"line":26,"column":20},"end":{"line":26,"column":70}},{"start":{"line":27,"column":20},"end":{"line":27,"column":71}},{"start":{"line":28,"column":20},"end":{"line":28,"column":29}}]},"2":{"line":30,"type":"binary-expr","locations":[{"start":{"line":30,"column":23},"end":{"line":30,"column":37}},{"start":{"line":31,"column":20},"end":{"line":31,"column":61}},{"start":{"line":32,"column":20},"end":{"line":32,"column":70}},{"start":{"line":33,"column":20},"end":{"line":33,"column":26}}]},"3":{"line":37,"type":"cond-expr","locations":[{"start":{"line":38,"column":14},"end":{"line":38,"column":20}},{"start":{"line":39,"column":14},"end":{"line":39,"column":20}}]},"4":{"line":40,"type":"switch","locations":[{"start":{"line":42,"column":8},"end":{"line":47,"column":18}},{"start":{"line":49,"column":8},"end":{"line":52,"column":18}}]},"5":{"line":44,"type":"binary-expr","locations":[{"start":{"line":44,"column":16},"end":{"line":44,"column":44}},{"start":{"line":44,"column":48},"end":{"line":44,"column":66}}]},"6":{"line":50,"type":"binary-expr","locations":[{"start":{"line":50,"column":21},"end":{"line":50,"column":49}},{"start":{"line":50,"column":53},"end":{"line":50,"column":72}}]},"7":{"line":64,"type":"switch","locations":[{"start":{"line":69,"column":4},"end":{"line":70,"column":14}},{"start":{"line":75,"column":4},"end":{"line":76,"column":14}}]},"8":{"line":85,"type":"switch","locations":[{"start":{"line":90,"column":4},"end":{"line":105,"column":14}},{"start":{"line":111,"column":4},"end":{"line":193,"column":14},"skip":true}]},"9":{"line":91,"type":"binary-expr","locations":[{"start":{"line":91,"column":42},"end":{"line":91,"column":73}},{"start":{"line":91,"column":77},"end":{"line":99,"column":9}}]},"10":{"line":102,"type":"binary-expr","locations":[{"start":{"line":102,"column":18},"end":{"line":102,"column":32}},{"start":{"line":103,"column":12},"end":{"line":103,"column":53}},{"start":{"line":104,"column":12},"end":{"line":104,"column":61}}]},"11":{"line":112,"type":"binary-expr","locations":[{"start":{"line":112,"column":45},"end":{"line":112,"column":79},"skip":true},{"start":{"line":112,"column":83},"end":{"line":121,"column":9},"skip":true}]},"12":{"line":123,"type":"binary-expr","locations":[{"start":{"line":123,"column":42},"end":{"line":123,"column":73},"skip":true},{"start":{"line":123,"column":77},"end":{"line":136,"column":9},"skip":true}]},"13":{"line":138,"type":"binary-expr","locations":[{"start":{"line":138,"column":48},"end":{"line":138,"column":85},"skip":true},{"start":{"line":139,"column":12},"end":{"line":145,"column":13},"skip":true}]},"14":{"line":147,"type":"binary-expr","locations":[{"start":{"line":147,"column":42},"end":{"line":147,"column":73},"skip":true},{"start":{"line":147,"column":77},"end":{"line":156,"column":9},"skip":true}]},"15":{"line":158,"type":"binary-expr","locations":[{"start":{"line":158,"column":45},"end":{"line":158,"column":79},"skip":true},{"start":{"line":158,"column":83},"end":{"line":167,"column":9},"skip":true}]},"16":{"line":169,"type":"binary-expr","locations":[{"start":{"line":169,"column":43},"end":{"line":169,"column":75},"skip":true},{"start":{"line":169,"column":79},"end":{"line":178,"column":9},"skip":true}]},"17":{"line":180,"type":"binary-expr","locations":[{"start":{"line":180,"column":41},"end":{"line":180,"column":71},"skip":true},{"start":{"line":180,"column":75},"end":{"line":189,"column":9},"skip":true}]}},"code":["/* istanbul instrument in package npmtest_lost */","/*jslint","    bitwise: true,","    browser: true,","    maxerr: 8,","    maxlen: 96,","    node: true,","    nomen: true,","    regexp: true,","    stupid: true","*/","(function () {","    'use strict';","    var local;","","","","    // run shared js-env code - pre-init","    (function () {","        // init local","        local = {};","        // init modeJs","        local.modeJs = (function () {","            try {","                return typeof navigator.userAgent === 'string' &&","                    typeof document.querySelector('body') === 'object' &&","                    typeof XMLHttpRequest.prototype.open === 'function' &&","                    'browser';","            } catch (errorCaughtBrowser) {","                return module.exports &&","                    typeof process.versions.node === 'string' &&","                    typeof require('http').createServer === 'function' &&","                    'node';","            }","        }());","        // init global","        local.global = local.modeJs === 'browser'","            ? window","            : global;","        switch (local.modeJs) {","        // re-init local from window.local","        case 'browser':","            local = local.global.utility2.objectSetDefault(","                local.global.utility2_rollup || local.global.local,","                local.global.utility2","            );","            break;","        // re-init local from example.js","        case 'node':","            local = (local.global.utility2_rollup || require('utility2'))","                .requireExampleJsFromReadme();","            break;","        }","        // export local","        local.global.local = local;","    }());","","","","    // run shared js-env code - function","    (function () {","        return;","    }());","    switch (local.modeJs) {","","","","    // run browser js-env code - function","    case 'browser':","        break;","","","","    // run node js-env code - function","    case 'node':","        break;","    }","","","","    // run shared js-env code - post-init","    (function () {","        return;","    }());","    switch (local.modeJs) {","","","","    // run browser js-env code - post-init","    case 'browser':","        local.testCase_browser_nullCase = local.testCase_browser_nullCase || function (","            options,","            onError","        ) {","        /*","         * this function will test browsers's null-case handling-behavior-behavior","         */","            onError(null, options);","        };","","        // run tests","        local.nop(local.modeTest &&","            document.querySelector('#testRunButton1') &&","            document.querySelector('#testRunButton1').click());","        break;","","","","    // run node js-env code - post-init","    /* istanbul ignore next */","    case 'node':","        local.testCase_buildApidoc_default = local.testCase_buildApidoc_default || function (","            options,","            onError","        ) {","        /*","         * this function will test buildApidoc's default handling-behavior-behavior","         */","            options = { modulePathList: module.paths };","            local.buildApidoc(options, onError);","        };","","        local.testCase_buildApp_default = local.testCase_buildApp_default || function (","            options,","            onError","        ) {","        /*","         * this function will test buildApp's default handling-behavior-behavior","         */","            local.testCase_buildReadme_default(options, local.onErrorThrow);","            local.testCase_buildLib_default(options, local.onErrorThrow);","            local.testCase_buildTest_default(options, local.onErrorThrow);","            local.testCase_buildCustomOrg_default(options, local.onErrorThrow);","            options = [];","            local.buildApp(options, onError);","        };","","        local.testCase_buildCustomOrg_default = local.testCase_buildCustomOrg_default ||","            function (options, onError) {","            /*","             * this function will test buildCustomOrg's default handling-behavior","             */","                options = {};","                local.buildCustomOrg(options, onError);","            };","","        local.testCase_buildLib_default = local.testCase_buildLib_default || function (","            options,","            onError","        ) {","        /*","         * this function will test buildLib's default handling-behavior","         */","            options = {};","            local.buildLib(options, onError);","        };","","        local.testCase_buildReadme_default = local.testCase_buildReadme_default || function (","            options,","            onError","        ) {","        /*","         * this function will test buildReadme's default handling-behavior-behavior","         */","            options = {};","            local.buildReadme(options, onError);","        };","","        local.testCase_buildTest_default = local.testCase_buildTest_default || function (","            options,","            onError","        ) {","        /*","         * this function will test buildTest's default handling-behavior","         */","            options = {};","            local.buildTest(options, onError);","        };","","        local.testCase_webpage_default = local.testCase_webpage_default || function (","            options,","            onError","        ) {","        /*","         * this function will test webpage's default handling-behavior","         */","            options = { modeCoverageMerge: true, url: local.serverLocalHost + '?modeTest=1' };","            local.browserTest(options, onError);","        };","","        // run test-server","        local.testRunServer(local);","        break;","    }","}());",""],"l":{"12":2,"14":2,"19":2,"21":2,"23":2,"24":2,"25":2,"30":1,"37":2,"40":2,"43":1,"47":1,"50":1,"52":1,"55":2,"61":2,"62":2,"64":2,"70":1,"76":1,"82":2,"83":2,"85":2,"91":1,"98":1,"102":1,"105":1,"112":1,"119":1,"120":1,"123":1,"130":1,"131":1,"132":1,"133":1,"134":1,"135":1,"138":1,"143":2,"144":2,"147":1,"154":2,"155":2,"158":1,"165":2,"166":2,"169":1,"176":2,"177":2,"180":1,"187":1,"188":1,"192":1,"193":1}},"/home/travis/build/npmtest/node-npmtest-lost/lib.npmtest_lost.js":{"path":"/home/travis/build/npmtest/node-npmtest-lost/lib.npmtest_lost.js","s":{"1":2,"2":2,"3":2,"4":2,"5":2,"6":2,"7":2,"8":1,"9":2,"10":2,"11":2,"12":2,"13":1,"14":1,"15":1,"16":1},"b":{"1":[2,1,1,1],"2":[1,1,1,1],"3":[1,1],"4":[2,2],"5":[1,1]},"f":{"1":2,"2":2,"3":2},"fnMap":{"1":{"name":"(anonymous_1)","line":12,"loc":{"start":{"line":12,"column":1},"end":{"line":12,"column":13}}},"2":{"name":"(anonymous_2)","line":19,"loc":{"start":{"line":19,"column":5},"end":{"line":19,"column":17}}},"3":{"name":"(anonymous_3)","line":23,"loc":{"start":{"line":23,"column":24},"end":{"line":23,"column":36}}}},"statementMap":{"1":{"start":{"line":12,"column":0},"end":{"line":53,"column":5}},"2":{"start":{"line":14,"column":4},"end":{"line":14,"column":14}},"3":{"start":{"line":19,"column":4},"end":{"line":52,"column":9}},"4":{"start":{"line":21,"column":8},"end":{"line":21,"column":19}},"5":{"start":{"line":23,"column":8},"end":{"line":35,"column":13}},"6":{"start":{"line":24,"column":12},"end":{"line":34,"column":13}},"7":{"start":{"line":25,"column":16},"end":{"line":28,"column":30}},"8":{"start":{"line":30,"column":16},"end":{"line":33,"column":27}},"9":{"start":{"line":37,"column":8},"end":{"line":39,"column":21}},"10":{"start":{"line":41,"column":8},"end":{"line":41,"column":54}},"11":{"start":{"line":43,"column":8},"end":{"line":43,"column":49}},"12":{"start":{"line":45,"column":8},"end":{"line":51,"column":9}},"13":{"start":{"line":46,"column":12},"end":{"line":46,"column":55}},"14":{"start":{"line":48,"column":12},"end":{"line":48,"column":35}},"15":{"start":{"line":49,"column":12},"end":{"line":49,"column":49}},"16":{"start":{"line":50,"column":12},"end":{"line":50,"column":43}}},"branchMap":{"1":{"line":25,"type":"binary-expr","locations":[{"start":{"line":25,"column":23},"end":{"line":25,"column":62}},{"start":{"line":26,"column":20},"end":{"line":26,"column":70}},{"start":{"line":27,"column":20},"end":{"line":27,"column":71}},{"start":{"line":28,"column":20},"end":{"line":28,"column":29}}]},"2":{"line":30,"type":"binary-expr","locations":[{"start":{"line":30,"column":23},"end":{"line":30,"column":37}},{"start":{"line":31,"column":20},"end":{"line":31,"column":61}},{"start":{"line":32,"column":20},"end":{"line":32,"column":70}},{"start":{"line":33,"column":20},"end":{"line":33,"column":26}}]},"3":{"line":37,"type":"cond-expr","locations":[{"start":{"line":38,"column":14},"end":{"line":38,"column":20}},{"start":{"line":39,"column":14},"end":{"line":39,"column":20}}]},"4":{"line":41,"type":"binary-expr","locations":[{"start":{"line":41,"column":16},"end":{"line":41,"column":44}},{"start":{"line":41,"column":48},"end":{"line":41,"column":53}}]},"5":{"line":45,"type":"if","locations":[{"start":{"line":45,"column":8},"end":{"line":45,"column":8}},{"start":{"line":45,"column":8},"end":{"line":45,"column":8}}]}},"code":["/* istanbul instrument in package npmtest_lost */","/*jslint","    bitwise: true,","    browser: true,","    maxerr: 8,","    maxlen: 96,","    node: true,","    nomen: true,","    regexp: true,","    stupid: true","*/","(function () {","    'use strict';","    var local;","","","","    // run shared js-env code - pre-init","    (function () {","        // init local","        local = {};","        // init modeJs","        local.modeJs = (function () {","            try {","                return typeof navigator.userAgent === 'string' &&","                    typeof document.querySelector('body') === 'object' &&","                    typeof XMLHttpRequest.prototype.open === 'function' &&","                    'browser';","            } catch (errorCaughtBrowser) {","                return module.exports &&","                    typeof process.versions.node === 'string' &&","                    typeof require('http').createServer === 'function' &&","                    'node';","            }","        }());","        // init global","        local.global = local.modeJs === 'browser'","            ? window","            : global;","        // init utility2_rollup","        local = local.global.utility2_rollup || local;","        // init lib","        local.local = local.npmtest_lost = local;","        // init exports","        if (local.modeJs === 'browser') {","            local.global.utility2_npmtest_lost = local;","        } else {","            module.exports = local;","            module.exports.__dirname = __dirname;","            module.exports.module = module;","        }","    }());","}());",""],"l":{"12":2,"14":2,"19":2,"21":2,"23":2,"24":2,"25":2,"30":1,"37":2,"41":2,"43":2,"45":2,"46":1,"48":1,"49":1,"50":1}},"/home/travis/build/npmtest/node-npmtest-lost/example.js":{"path":"/home/travis/build/npmtest/node-npmtest-lost/example.js","s":{"1":2,"2":2,"3":2,"4":2,"5":2,"6":2,"7":2,"8":1,"9":2,"10":2,"11":2,"12":2,"13":1,"14":2,"15":2,"16":2,"17":2,"18":2,"19":0,"20":2,"21":1,"22":1,"23":1,"24":1,"25":1,"26":0,"27":0,"28":1,"29":1,"30":2,"31":0,"32":0,"33":0,"34":1,"35":2,"36":2,"37":3,"38":3,"39":3,"40":3,"41":0,"42":3,"43":3,"44":3,"45":1,"46":3,"47":1,"48":1,"49":1,"50":1,"51":1,"52":1,"53":1,"54":1,"55":1,"56":1,"57":0,"58":1,"59":6,"60":6,"61":1,"62":2,"63":0,"64":2,"65":1,"66":1,"67":0,"68":0,"69":0,"70":0,"71":0,"72":0,"73":0,"74":0,"75":0,"76":0,"77":0,"78":0,"79":0,"80":0,"81":0,"82":0,"83":0},"b":{"1":[2,1,1,1],"2":[1,1,1,1],"3":[1,1],"4":[2,2],"5":[1,1],"6":[1,1],"7":[2,0],"8":[2,1,1,1,1,1],"9":[0,2,0],"10":[1,1],"11":[2,1,1],"12":[1,0],"13":[0,2],"14":[2,0,0,0,0,0,0],"15":[0,3],"16":[3,0],"17":[1,1],"18":[0,1],"19":[1,2,0,2],"20":[1,0],"21":[1,1],"22":[0,0],"23":[0,0],"24":[0,0],"25":[0,0],"26":[0,0],"27":[0,0],"28":[0,0]},"f":{"1":2,"2":2,"3":2,"4":2,"5":2,"6":2,"7":3,"8":3,"9":3,"10":1,"11":6,"12":0},"fnMap":{"1":{"name":"(anonymous_1)","line":26,"loc":{"start":{"line":26,"column":1},"end":{"line":26,"column":13}}},"2":{"name":"(anonymous_2)","line":33,"loc":{"start":{"line":33,"column":5},"end":{"line":33,"column":17}}},"3":{"name":"(anonymous_3)","line":37,"loc":{"start":{"line":37,"column":24},"end":{"line":37,"column":36}}},"4":{"name":"(anonymous_4)","line":69,"loc":{"start":{"line":69,"column":31},"end":{"line":69,"column":48}},"skip":true},"5":{"name":"(anonymous_5)","line":78,"loc":{"start":{"line":78,"column":26},"end":{"line":78,"column":45}},"skip":true},"6":{"name":"(anonymous_6)","line":123,"loc":{"start":{"line":123,"column":33},"end":{"line":123,"column":48}},"skip":true},"7":{"name":"(anonymous_7)","line":125,"loc":{"start":{"line":125,"column":27},"end":{"line":125,"column":39}},"skip":true},"8":{"name":"(anonymous_8)","line":133,"loc":{"start":{"line":133,"column":59},"end":{"line":133,"column":74}},"skip":true},"9":{"name":"(anonymous_9)","line":143,"loc":{"start":{"line":143,"column":45},"end":{"line":143,"column":62}},"skip":true},"10":{"name":"(anonymous_10)","line":144,"loc":{"start":{"line":144,"column":73},"end":{"line":144,"column":92}},"skip":true},"11":{"name":"(anonymous_11)","line":272,"loc":{"start":{"line":272,"column":51},"end":{"line":272,"column":77}},"skip":true},"12":{"name":"(anonymous_12)","line":315,"loc":{"start":{"line":315,"column":32},"end":{"line":315,"column":61}},"skip":true}},"statementMap":{"1":{"start":{"line":26,"column":0},"end":{"line":326,"column":5}},"2":{"start":{"line":28,"column":4},"end":{"line":28,"column":14}},"3":{"start":{"line":33,"column":4},"end":{"line":60,"column":9}},"4":{"start":{"line":35,"column":8},"end":{"line":35,"column":19}},"5":{"start":{"line":37,"column":8},"end":{"line":49,"column":13}},"6":{"start":{"line":38,"column":12},"end":{"line":48,"column":13}},"7":{"start":{"line":39,"column":16},"end":{"line":42,"column":30}},"8":{"start":{"line":44,"column":16},"end":{"line":47,"column":27}},"9":{"start":{"line":51,"column":8},"end":{"line":53,"column":21}},"10":{"start":{"line":55,"column":8},"end":{"line":57,"column":45}},"11":{"start":{"line":59,"column":8},"end":{"line":59,"column":35}},"12":{"start":{"line":61,"column":4},"end":{"line":325,"column":5}},"13":{"start":{"line":69,"column":8},"end":{"line":121,"column":10},"skip":true},"14":{"start":{"line":70,"column":12},"end":{"line":88,"column":13},"skip":true},"15":{"start":{"line":76,"column":16},"end":{"line":87,"column":19},"skip":true},"16":{"start":{"line":79,"column":20},"end":{"line":86,"column":21},"skip":true},"17":{"start":{"line":82,"column":24},"end":{"line":82,"column":43},"skip":true},"18":{"start":{"line":83,"column":24},"end":{"line":83,"column":30},"skip":true},"19":{"start":{"line":85,"column":24},"end":{"line":85,"column":49},"skip":true},"20":{"start":{"line":89,"column":12},"end":{"line":107,"column":13},"skip":true},"21":{"start":{"line":92,"column":16},"end":{"line":102,"column":17},"skip":true},"22":{"start":{"line":93,"column":20},"end":{"line":93,"column":86},"skip":true},"23":{"start":{"line":94,"column":20},"end":{"line":95,"column":45},"skip":true},"24":{"start":{"line":96,"column":20},"end":{"line":96,"column":42},"skip":true},"25":{"start":{"line":97,"column":20},"end":{"line":97,"column":48},"skip":true},"26":{"start":{"line":100,"column":20},"end":{"line":100,"column":85},"skip":true},"27":{"start":{"line":101,"column":20},"end":{"line":101,"column":96},"skip":true},"28":{"start":{"line":103,"column":16},"end":{"line":103,"column":22},"skip":true},"29":{"start":{"line":106,"column":16},"end":{"line":106,"column":22},"skip":true},"30":{"start":{"line":108,"column":12},"end":{"line":120,"column":13},"skip":true},"31":{"start":{"line":114,"column":16},"end":{"line":119,"column":17},"skip":true},"32":{"start":{"line":116,"column":20},"end":{"line":116,"column":78},"skip":true},"33":{"start":{"line":118,"column":20},"end":{"line":118,"column":47},"skip":true},"34":{"start":{"line":123,"column":8},"end":{"line":141,"column":11},"skip":true},"35":{"start":{"line":124,"column":12},"end":{"line":124,"column":54},"skip":true},"36":{"start":{"line":125,"column":12},"end":{"line":140,"column":14},"skip":true},"37":{"start":{"line":126,"column":16},"end":{"line":126,"column":28},"skip":true},"38":{"start":{"line":127,"column":16},"end":{"line":127,"column":69},"skip":true},"39":{"start":{"line":128,"column":16},"end":{"line":128,"column":75},"skip":true},"40":{"start":{"line":129,"column":16},"end":{"line":131,"column":17},"skip":true},"41":{"start":{"line":130,"column":20},"end":{"line":130,"column":27},"skip":true},"42":{"start":{"line":133,"column":16},"end":{"line":137,"column":36},"skip":true},"43":{"start":{"line":134,"column":20},"end":{"line":136,"column":55},"skip":true},"44":{"start":{"line":139,"column":16},"end":{"line":139,"column":57},"skip":true},"45":{"start":{"line":143,"column":8},"end":{"line":147,"column":11},"skip":true},"46":{"start":{"line":144,"column":12},"end":{"line":146,"column":15},"skip":true},"47":{"start":{"line":145,"column":16},"end":{"line":145,"column":70},"skip":true},"48":{"start":{"line":149,"column":8},"end":{"line":149,"column":31},"skip":true},"49":{"start":{"line":150,"column":8},"end":{"line":150,"column":14},"skip":true},"50":{"start":{"line":158,"column":8},"end":{"line":158,"column":31},"skip":true},"51":{"start":{"line":160,"column":8},"end":{"line":160,"column":33},"skip":true},"52":{"start":{"line":161,"column":8},"end":{"line":161,"column":37},"skip":true},"53":{"start":{"line":162,"column":8},"end":{"line":162,"column":35},"skip":true},"54":{"start":{"line":164,"column":8},"end":{"line":164,"column":50},"skip":true},"55":{"start":{"line":166,"column":8},"end":{"line":256,"column":2},"skip":true},"56":{"start":{"line":258,"column":8},"end":{"line":286,"column":9},"skip":true},"57":{"start":{"line":259,"column":12},"end":{"line":269,"column":14},"skip":true},"58":{"start":{"line":271,"column":12},"end":{"line":285,"column":19},"skip":true},"59":{"start":{"line":274,"column":20},"end":{"line":274,"column":35},"skip":true},"60":{"start":{"line":275,"column":20},"end":{"line":284,"column":21},"skip":true},"61":{"start":{"line":277,"column":24},"end":{"line":277,"column":64},"skip":true},"62":{"start":{"line":279,"column":24},"end":{"line":279,"column":40},"skip":true},"63":{"start":{"line":281,"column":24},"end":{"line":281,"column":40},"skip":true},"64":{"start":{"line":283,"column":24},"end":{"line":283,"column":39},"skip":true},"65":{"start":{"line":288,"column":8},"end":{"line":290,"column":9},"skip":true},"66":{"start":{"line":289,"column":12},"end":{"line":289,"column":18},"skip":true},"67":{"start":{"line":291,"column":8},"end":{"line":293,"column":54},"skip":true},"68":{"start":{"line":296,"column":8},"end":{"line":301,"column":37},"skip":true},"69":{"start":{"line":303,"column":8},"end":{"line":303,"column":82},"skip":true},"70":{"start":{"line":306,"column":8},"end":{"line":308,"column":9},"skip":true},"71":{"start":{"line":307,"column":12},"end":{"line":307,"column":82},"skip":true},"72":{"start":{"line":310,"column":8},"end":{"line":312,"column":9},"skip":true},"73":{"start":{"line":311,"column":12},"end":{"line":311,"column":18},"skip":true},"74":{"start":{"line":313,"column":8},"end":{"line":313,"column":54},"skip":true},"75":{"start":{"line":314,"column":8},"end":{"line":314,"column":69},"skip":true},"76":{"start":{"line":315,"column":8},"end":{"line":323,"column":36},"skip":true},"77":{"start":{"line":316,"column":12},"end":{"line":316,"column":61},"skip":true},"78":{"start":{"line":317,"column":12},"end":{"line":320,"column":13},"skip":true},"79":{"start":{"line":318,"column":16},"end":{"line":318,"column":75},"skip":true},"80":{"start":{"line":319,"column":16},"end":{"line":319,"column":23},"skip":true},"81":{"start":{"line":321,"column":12},"end":{"line":321,"column":38},"skip":true},"82":{"start":{"line":322,"column":12},"end":{"line":322,"column":27},"skip":true},"83":{"start":{"line":324,"column":8},"end":{"line":324,"column":14},"skip":true}},"branchMap":{"1":{"line":39,"type":"binary-expr","locations":[{"start":{"line":39,"column":23},"end":{"line":39,"column":62}},{"start":{"line":40,"column":20},"end":{"line":40,"column":70}},{"start":{"line":41,"column":20},"end":{"line":41,"column":71}},{"start":{"line":42,"column":20},"end":{"line":42,"column":29}}]},"2":{"line":44,"type":"binary-expr","locations":[{"start":{"line":44,"column":23},"end":{"line":44,"column":37}},{"start":{"line":45,"column":20},"end":{"line":45,"column":61}},{"start":{"line":46,"column":20},"end":{"line":46,"column":70}},{"start":{"line":47,"column":20},"end":{"line":47,"column":26}}]},"3":{"line":51,"type":"cond-expr","locations":[{"start":{"line":52,"column":14},"end":{"line":52,"column":20}},{"start":{"line":53,"column":14},"end":{"line":53,"column":20}}]},"4":{"line":55,"type":"binary-expr","locations":[{"start":{"line":55,"column":16},"end":{"line":55,"column":44}},{"start":{"line":55,"column":49},"end":{"line":57,"column":43}}]},"5":{"line":55,"type":"cond-expr","locations":[{"start":{"line":56,"column":14},"end":{"line":56,"column":48}},{"start":{"line":57,"column":14},"end":{"line":57,"column":43}}]},"6":{"line":61,"type":"switch","locations":[{"start":{"line":68,"column":4},"end":{"line":150,"column":14},"skip":true},{"start":{"line":156,"column":4},"end":{"line":324,"column":14},"skip":true}]},"7":{"line":70,"type":"if","locations":[{"start":{"line":70,"column":12},"end":{"line":70,"column":12},"skip":true},{"start":{"line":70,"column":12},"end":{"line":70,"column":12},"skip":true}]},"8":{"line":70,"type":"binary-expr","locations":[{"start":{"line":70,"column":16},"end":{"line":70,"column":22},"skip":true},{"start":{"line":70,"column":27},"end":{"line":70,"column":32},"skip":true},{"start":{"line":71,"column":20},"end":{"line":71,"column":39},"skip":true},{"start":{"line":72,"column":20},"end":{"line":72,"column":49},"skip":true},{"start":{"line":73,"column":20},"end":{"line":73,"column":58},"skip":true},{"start":{"line":74,"column":20},"end":{"line":74,"column":69},"skip":true}]},"9":{"line":79,"type":"switch","locations":[{"start":{"line":80,"column":20},"end":{"line":80,"column":33},"skip":true},{"start":{"line":81,"column":20},"end":{"line":83,"column":30},"skip":true},{"start":{"line":84,"column":20},"end":{"line":85,"column":49},"skip":true}]},"10":{"line":89,"type":"switch","locations":[{"start":{"line":90,"column":12},"end":{"line":103,"column":22},"skip":true},{"start":{"line":105,"column":12},"end":{"line":106,"column":22},"skip":true}]},"11":{"line":89,"type":"binary-expr","locations":[{"start":{"line":89,"column":20},"end":{"line":89,"column":25},"skip":true},{"start":{"line":89,"column":29},"end":{"line":89,"column":48},"skip":true},{"start":{"line":89,"column":52},"end":{"line":89,"column":74},"skip":true}]},"12":{"line":92,"type":"if","locations":[{"start":{"line":92,"column":16},"end":{"line":92,"column":16},"skip":true},{"start":{"line":92,"column":16},"end":{"line":92,"column":16},"skip":true}]},"13":{"line":108,"type":"if","locations":[{"start":{"line":108,"column":12},"end":{"line":108,"column":12},"skip":true},{"start":{"line":108,"column":12},"end":{"line":108,"column":12},"skip":true}]},"14":{"line":108,"type":"binary-expr","locations":[{"start":{"line":108,"column":16},"end":{"line":108,"column":61},"skip":true},{"start":{"line":108,"column":66},"end":{"line":108,"column":72},"skip":true},{"start":{"line":108,"column":77},"end":{"line":108,"column":82},"skip":true},{"start":{"line":109,"column":20},"end":{"line":109,"column":39},"skip":true},{"start":{"line":110,"column":20},"end":{"line":110,"column":49},"skip":true},{"start":{"line":111,"column":20},"end":{"line":111,"column":58},"skip":true},{"start":{"line":112,"column":20},"end":{"line":112,"column":68},"skip":true}]},"15":{"line":129,"type":"if","locations":[{"start":{"line":129,"column":16},"end":{"line":129,"column":16},"skip":true},{"start":{"line":129,"column":16},"end":{"line":129,"column":16},"skip":true}]},"16":{"line":134,"type":"cond-expr","locations":[{"start":{"line":135,"column":26},"end":{"line":135,"column":29},"skip":true},{"start":{"line":136,"column":26},"end":{"line":136,"column":54},"skip":true}]},"17":{"line":164,"type":"binary-expr","locations":[{"start":{"line":164,"column":27},"end":{"line":164,"column":43},"skip":true},{"start":{"line":164,"column":47},"end":{"line":164,"column":49},"skip":true}]},"18":{"line":258,"type":"if","locations":[{"start":{"line":258,"column":8},"end":{"line":258,"column":8},"skip":true},{"start":{"line":258,"column":8},"end":{"line":258,"column":8},"skip":true}]},"19":{"line":275,"type":"switch","locations":[{"start":{"line":276,"column":20},"end":{"line":277,"column":64},"skip":true},{"start":{"line":278,"column":20},"end":{"line":279,"column":40},"skip":true},{"start":{"line":280,"column":20},"end":{"line":281,"column":40},"skip":true},{"start":{"line":282,"column":20},"end":{"line":283,"column":39},"skip":true}]},"20":{"line":288,"type":"if","locations":[{"start":{"line":288,"column":8},"end":{"line":288,"column":8},"skip":true},{"start":{"line":288,"column":8},"end":{"line":288,"column":8},"skip":true}]},"21":{"line":288,"type":"binary-expr","locations":[{"start":{"line":288,"column":12},"end":{"line":288,"column":40},"skip":true},{"start":{"line":288,"column":44},"end":{"line":288,"column":67},"skip":true}]},"22":{"line":292,"type":"binary-expr","locations":[{"start":{"line":292,"column":12},"end":{"line":292,"column":50},"skip":true},{"start":{"line":293,"column":12},"end":{"line":293,"column":53},"skip":true}]},"23":{"line":297,"type":"binary-expr","locations":[{"start":{"line":297,"column":12},"end":{"line":297,"column":62},"skip":true},{"start":{"line":298,"column":12},"end":{"line":301,"column":36},"skip":true}]},"24":{"line":303,"type":"binary-expr","locations":[{"start":{"line":303,"column":43},"end":{"line":303,"column":75},"skip":true},{"start":{"line":303,"column":79},"end":{"line":303,"column":81},"skip":true}]},"25":{"line":306,"type":"if","locations":[{"start":{"line":306,"column":8},"end":{"line":306,"column":8},"skip":true},{"start":{"line":306,"column":8},"end":{"line":306,"column":8},"skip":true}]},"26":{"line":310,"type":"if","locations":[{"start":{"line":310,"column":8},"end":{"line":310,"column":8},"skip":true},{"start":{"line":310,"column":8},"end":{"line":310,"column":8},"skip":true}]},"27":{"line":313,"type":"binary-expr","locations":[{"start":{"line":313,"column":27},"end":{"line":313,"column":43},"skip":true},{"start":{"line":313,"column":47},"end":{"line":313,"column":53},"skip":true}]},"28":{"line":317,"type":"if","locations":[{"start":{"line":317,"column":12},"end":{"line":317,"column":12},"skip":true},{"start":{"line":317,"column":12},"end":{"line":317,"column":12},"skip":true}]}},"code":["/*","example.js","","quickstart example","","instruction","    1. save this script as example.js","    2. run the shell command:","        $ npm install npmtest-lost && PORT=8081 node example.js","    3. play with the browser-demo on http://127.0.0.1:8081","*/","","","","/* istanbul instrument in package npmtest_lost */","/*jslint","    bitwise: true,","    browser: true,","    maxerr: 8,","    maxlen: 96,","    node: true,","    nomen: true,","    regexp: true,","    stupid: true","*/","(function () {","    'use strict';","    var local;","","","","    // run shared js-env code - pre-init","    (function () {","        // init local","        local = {};","        // init modeJs","        local.modeJs = (function () {","            try {","                return typeof navigator.userAgent === 'string' &&","                    typeof document.querySelector('body') === 'object' &&","                    typeof XMLHttpRequest.prototype.open === 'function' &&","                    'browser';","            } catch (errorCaughtBrowser) {","                return module.exports &&","                    typeof process.versions.node === 'string' &&","                    typeof require('http').createServer === 'function' &&","                    'node';","            }","        }());","        // init global","        local.global = local.modeJs === 'browser'","            ? window","            : global;","        // init utility2_rollup","        local = local.global.utility2_rollup || (local.modeJs === 'browser'","            ? local.global.utility2_npmtest_lost","            : global.utility2_moduleExports);","        // export local","        local.global.local = local;","    }());","    switch (local.modeJs) {","","","","    // post-init","    // run browser js-env code - post-init","    /* istanbul ignore next */","    case 'browser':","        local.testRunBrowser = function (event) {","            if (!event || (event &&","                    event.currentTarget &&","                    event.currentTarget.className &&","                    event.currentTarget.className.includes &&","                    event.currentTarget.className.includes('onreset'))) {","                // reset output","                Array.from(","                    document.querySelectorAll('body > .resettable')","                ).forEach(function (element) {","                    switch (element.tagName) {","                    case 'INPUT':","                    case 'TEXTAREA':","                        element.value = '';","                        break;","                    default:","                        element.textContent = '';","                    }","                });","            }","            switch (event && event.currentTarget && event.currentTarget.id) {","            case 'testRunButton1':","                // show tests","                if (document.querySelector('#testReportDiv1').style.display === 'none') {","                    document.querySelector('#testReportDiv1').style.display = 'block';","                    document.querySelector('#testRunButton1').textContent =","                        'hide internal test';","                    local.modeTest = true;","                    local.testRunDefault(local);","                // hide tests","                } else {","                    document.querySelector('#testReportDiv1').style.display = 'none';","                    document.querySelector('#testRunButton1').textContent = 'run internal test';","                }","                break;","            // custom-case","            default:","                break;","            }","            if (document.querySelector('#inputTextareaEval1') && (!event || (event &&","                    event.currentTarget &&","                    event.currentTarget.className &&","                    event.currentTarget.className.includes &&","                    event.currentTarget.className.includes('oneval')))) {","                // try to eval input-code","                try {","                    /*jslint evil: true*/","                    eval(document.querySelector('#inputTextareaEval1').value);","                } catch (errorCaught) {","                    console.error(errorCaught);","                }","            }","        };","        // log stderr and stdout to #outputTextareaStdout1","        ['error', 'log'].forEach(function (key) {","            console[key + '_original'] = console[key];","            console[key] = function () {","                var element;","                console[key + '_original'].apply(console, arguments);","                element = document.querySelector('#outputTextareaStdout1');","                if (!element) {","                    return;","                }","                // append text to #outputTextareaStdout1","                element.value += Array.from(arguments).map(function (arg) {","                    return typeof arg === 'string'","                        ? arg","                        : JSON.stringify(arg, null, 4);","                }).join(' ') + '\\n';","                // scroll textarea to bottom","                element.scrollTop = element.scrollHeight;","            };","        });","        // init event-handling","        ['change', 'click', 'keyup'].forEach(function (event) {","            Array.from(document.querySelectorAll('.on' + event)).forEach(function (element) {","                element.addEventListener(event, local.testRunBrowser);","            });","        });","        // run tests","        local.testRunBrowser();","        break;","","","","    // run node js-env code - post-init","    /* istanbul ignore next */","    case 'node':","        // export local","        module.exports = local;","        // require modules","        local.fs = require('fs');","        local.http = require('http');","        local.url = require('url');","        // init assets","        local.assetsDict = local.assetsDict || {};","        /* jslint-ignore-begin */","        local.assetsDict['/assets.index.template.html'] = '\\","<!doctype html>\\n\\","<html lang=\"en\">\\n\\","<head>\\n\\","<meta charset=\"UTF-8\">\\n\\","<meta name=\"viewport\" content=\"width=device-width, initial-scale=1\">\\n\\","<title>{{env.npm_package_name}} (v{{env.npm_package_version}})</title>\\n\\","<style>\\n\\","/*csslint\\n\\","    box-sizing: false,\\n\\","    universal-selector: false\\n\\","*/\\n\\","* {\\n\\","    box-sizing: border-box;\\n\\","}\\n\\","body {\\n\\","    background: #dde;\\n\\","    font-family: Arial, Helvetica, sans-serif;\\n\\","    margin: 2rem;\\n\\","}\\n\\","body > * {\\n\\","    margin-bottom: 1rem;\\n\\","}\\n\\",".utility2FooterDiv {\\n\\","    margin-top: 20px;\\n\\","    text-align: center;\\n\\","}\\n\\","</style>\\n\\","<style>\\n\\","/*csslint\\n\\","*/\\n\\","textarea {\\n\\","    font-family: monospace;\\n\\","    height: 10rem;\\n\\","    width: 100%;\\n\\","}\\n\\","textarea[readonly] {\\n\\","    background: #ddd;\\n\\","}\\n\\","</style>\\n\\","</head>\\n\\","<body>\\n\\","<!-- utility2-comment\\n\\","<div id=\"ajaxProgressDiv1\" style=\"background: #d00; height: 2px; left: 0; margin: 0; padding: 0; position: fixed; top: 0; transition: background 0.5s, width 1.5s; width: 25%;\"></div>\\n\\","utility2-comment -->\\n\\","<h1>\\n\\","<!-- utility2-comment\\n\\","    <a\\n\\","        {{#if env.npm_package_homepage}}\\n\\","        href=\"{{env.npm_package_homepage}}\"\\n\\","        {{/if env.npm_package_homepage}}\\n\\","        target=\"_blank\"\\n\\","    >\\n\\","utility2-comment -->\\n\\","        {{env.npm_package_name}} (v{{env.npm_package_version}})\\n\\","<!-- utility2-comment\\n\\","    </a>\\n\\","utility2-comment -->\\n\\","</h1>\\n\\","<h3>{{env.npm_package_description}}</h3>\\n\\","<!-- utility2-comment\\n\\","<h4><a download href=\"assets.app.js\">download standalone app</a></h4>\\n\\","<button class=\"onclick onreset\" id=\"testRunButton1\">run internal test</button><br>\\n\\","<div id=\"testReportDiv1\" style=\"display: none;\"></div>\\n\\","utility2-comment -->\\n\\","\\n\\","\\n\\","\\n\\","<label>stderr and stdout</label>\\n\\","<textarea class=\"resettable\" id=\"outputTextareaStdout1\" readonly></textarea>\\n\\","<!-- utility2-comment\\n\\","{{#if isRollup}}\\n\\","<script src=\"assets.app.js\"></script>\\n\\","{{#unless isRollup}}\\n\\","utility2-comment -->\\n\\","<script src=\"assets.utility2.rollup.js\"></script>\\n\\","<script src=\"jsonp.utility2._stateInit?callback=window.utility2._stateInit\"></script>\\n\\","<script src=\"assets.npmtest_lost.rollup.js\"></script>\\n\\","<script src=\"assets.example.js\"></script>\\n\\","<script src=\"assets.test.js\"></script>\\n\\","<!-- utility2-comment\\n\\","{{/if isRollup}}\\n\\","utility2-comment -->\\n\\","<div class=\"utility2FooterDiv\">\\n\\","    [ this app was created with\\n\\","    <a href=\"https://github.com/kaizhu256/node-utility2\" target=\"_blank\">utility2</a>\\n\\","    ]\\n\\","</div>\\n\\","</body>\\n\\","</html>\\n\\","';","        /* jslint-ignore-end */","        if (local.templateRender) {","            local.assetsDict['/'] = local.templateRender(","                local.assetsDict['/assets.index.template.html'],","                {","                    env: local.objectSetDefault(local.env, {","                        npm_package_description: 'the greatest app in the world!',","                        npm_package_name: 'my-app',","                        npm_package_nameAlias: 'my_app',","                        npm_package_version: '0.0.1'","                    })","                }","            );","        } else {","            local.assetsDict['/'] = local.assetsDict['/assets.index.template.html']","                .replace((/\\{\\{env\\.(\\w+?)\\}\\}/g), function (match0, match1) {","                    // jslint-hack","                    String(match0);","                    switch (match1) {","                    case 'npm_package_description':","                        return 'the greatest app in the world!';","                    case 'npm_package_name':","                        return 'my-app';","                    case 'npm_package_nameAlias':","                        return 'my_app';","                    case 'npm_package_version':","                        return '0.0.1';","                    }","                });","        }","        // run the cli","        if (local.global.utility2_rollup || module !== require.main) {","            break;","        }","        local.assetsDict['/assets.example.js'] =","            local.assetsDict['/assets.example.js'] ||","            local.fs.readFileSync(__filename, 'utf8');","        // bug-workaround - long $npm_package_buildCustomOrg","        /* jslint-ignore-begin */","        local.assetsDict['/assets.npmtest_lost.rollup.js'] =","            local.assetsDict['/assets.npmtest_lost.rollup.js'] ||","            local.fs.readFileSync(","                local.npmtest_lost.__dirname + '/lib.npmtest_lost.js',","                'utf8'","            ).replace((/^#!/), '//');","        /* jslint-ignore-end */","        local.assetsDict['/favicon.ico'] = local.assetsDict['/favicon.ico'] || '';","        // if $npm_config_timeout_exit exists,","        // then exit this process after $npm_config_timeout_exit ms","        if (Number(process.env.npm_config_timeout_exit)) {","            setTimeout(process.exit, Number(process.env.npm_config_timeout_exit));","        }","        // start server","        if (local.global.utility2_serverHttp1) {","            break;","        }","        process.env.PORT = process.env.PORT || '8081';","        console.error('server starting on port ' + process.env.PORT);","        local.http.createServer(function (request, response) {","            request.urlParsed = local.url.parse(request.url);","            if (local.assetsDict[request.urlParsed.pathname] !== undefined) {","                response.end(local.assetsDict[request.urlParsed.pathname]);","                return;","            }","            response.statusCode = 404;","            response.end();","        }).listen(process.env.PORT);","        break;","    }","}());",""],"l":{"26":2,"28":2,"33":2,"35":2,"37":2,"38":2,"39":2,"44":1,"51":2,"55":2,"59":2,"61":2,"69":1,"70":2,"76":2,"79":2,"82":2,"83":2,"85":1,"89":2,"92":1,"93":1,"94":1,"96":1,"97":1,"100":1,"101":1,"103":1,"106":1,"108":2,"114":1,"116":1,"118":1,"123":1,"124":2,"125":2,"126":3,"127":3,"128":3,"129":3,"130":1,"133":3,"134":3,"139":3,"143":1,"144":3,"145":1,"149":1,"150":1,"158":1,"160":1,"161":1,"162":1,"164":1,"166":1,"258":1,"259":1,"271":1,"274":6,"275":6,"277":1,"279":2,"281":1,"283":2,"288":1,"289":1,"291":1,"296":1,"303":1,"306":1,"307":1,"310":1,"311":1,"313":1,"314":1,"315":1,"316":1,"317":1,"318":1,"319":1,"321":1,"322":1,"324":1}},"/home/travis/build/npmtest/node-npmtest-lost/node_modules/lost/lost.js":{"path":"/home/travis/build/npmtest/node-npmtest-lost/node_modules/lost/lost.js","s":{"1":1,"2":1,"3":1,"4":1,"5":1,"6":1,"7":1,"8":1,"9":1,"10":1,"11":1,"12":1,"13":1,"14":1,"15":1,"16":1,"17":1,"18":1,"19":1,"20":1,"21":0,"22":0,"23":0,"24":0,"25":0,"26":0},"b":{"1":[0,0],"2":[0,0]},"f":{"1":0,"2":0,"3":0},"fnMap":{"1":{"name":"lost","line":50,"loc":{"start":{"line":50,"column":40},"end":{"line":50,"column":64}}},"2":{"name":"executeLostGrid","line":57,"loc":{"start":{"line":57,"column":9},"end":{"line":57,"column":47}}},"3":{"name":"executeEachLostRule","line":58,"loc":{"start":{"line":58,"column":17},"end":{"line":58,"column":51}}}},"statementMap":{"1":{"start":{"line":2,"column":0},"end":{"line":2,"column":33}},"2":{"start":{"line":3,"column":0},"end":{"line":3,"column":38}},"3":{"start":{"line":5,"column":0},"end":{"line":5,"column":47}},"4":{"start":{"line":6,"column":0},"end":{"line":6,"column":48}},"5":{"start":{"line":7,"column":0},"end":{"line":7,"column":61}},"6":{"start":{"line":8,"column":0},"end":{"line":8,"column":46}},"7":{"start":{"line":9,"column":0},"end":{"line":9,"column":44}},"8":{"start":{"line":10,"column":0},"end":{"line":10,"column":46}},"9":{"start":{"line":11,"column":0},"end":{"line":11,"column":40}},"10":{"start":{"line":12,"column":0},"end":{"line":12,"column":46}},"11":{"start":{"line":13,"column":0},"end":{"line":13,"column":46}},"12":{"start":{"line":14,"column":0},"end":{"line":14,"column":42}},"13":{"start":{"line":15,"column":0},"end":{"line":15,"column":57}},"14":{"start":{"line":16,"column":0},"end":{"line":16,"column":61}},"15":{"start":{"line":17,"column":0},"end":{"line":17,"column":59}},"16":{"start":{"line":18,"column":0},"end":{"line":18,"column":42}},"17":{"start":{"line":21,"column":0},"end":{"line":21,"column":54}},"18":{"start":{"line":24,"column":0},"end":{"line":38,"column":2}},"19":{"start":{"line":40,"column":0},"end":{"line":48,"column":2}},"20":{"start":{"line":50,"column":0},"end":{"line":62,"column":3}},"21":{"start":{"line":51,"column":2},"end":{"line":51,"column":66}},"22":{"start":{"line":53,"column":2},"end":{"line":55,"column":3}},"23":{"start":{"line":54,"column":4},"end":{"line":54,"column":55}},"24":{"start":{"line":57,"column":2},"end":{"line":61,"column":4}},"25":{"start":{"line":58,"column":4},"end":{"line":60,"column":7}},"26":{"start":{"line":59,"column":6},"end":{"line":59,"column":38}}},"branchMap":{"1":{"line":51,"type":"binary-expr","locations":[{"start":{"line":51,"column":50},"end":{"line":51,"column":58}},{"start":{"line":51,"column":62},"end":{"line":51,"column":64}}]},"2":{"line":53,"type":"if","locations":[{"start":{"line":53,"column":2},"end":{"line":53,"column":2}},{"start":{"line":53,"column":2},"end":{"line":53,"column":2}}]}},"code":["// Module dependencies","var postcss = require('postcss');","var assign = require('object-assign');","","var lostAtRule = require('./lib/lost-at-rule');","var lostUtility = require('./lib/lost-utility');","var lostFlexContainer = require('./lib/lost-flex-container');","var lostCenter = require('./lib/lost-center');","var lostAlign = require('./lib/lost-align');","var lostColumn = require('./lib/lost-column');","var lostRow = require('./lib/lost-row');","var lostWaffle = require('./lib/lost-waffle');","var lostOffset = require('./lib/lost-offset');","var lostMove = require('./lib/lost-move');","var lostMasonryWrap = require('./lib/lost-masonry-wrap');","var lostMasonryColumn = require('./lib/lost-masonry-column');","var checkNodeVersion = require('./lib/check-node-version');","var lgGutter = require('./lib/lg-gutter');","","// Get the version of Node","var nodeVersion = process.env.npm_config_node_version;","","// Lost At Rules and Declarations","var libs = [","  lostAtRule,","  lgGutter,","  lostMove,","  lostUtility,","  lostFlexContainer,","  lostCenter,","  lostAlign,","  lostColumn,","  lostRow,","  lostWaffle,","  lostOffset,","  lostMasonryWrap,","  lostMasonryColumn","];","","var defaultSettings = {","  gutter: '30px',","  flexbox: 'no-flex',","  cycle: 'auto',","  clearing: 'both',","  rounder: 99.9,","  gridUnit: '%',","  direction: 'ltr'","};","","module.exports = postcss.plugin('lost', function lost(settings) {","  var theseSettings = assign({}, defaultSettings, settings || {});","","  if (checkNodeVersion(nodeVersion).warn === true) {","    console.log(checkNodeVersion(nodeVersion).warning); // eslint-disable-line no-console","  }","","  return function executeLostGrid(css, result) {","    libs.forEach(function executeEachLostRule(lib) {","      lib(css, theseSettings, result);","    });","  };","});",""],"l":{"2":1,"3":1,"5":1,"6":1,"7":1,"8":1,"9":1,"10":1,"11":1,"12":1,"13":1,"14":1,"15":1,"16":1,"17":1,"18":1,"21":1,"24":1,"40":1,"50":1,"51":0,"53":0,"54":0,"57":0,"58":0,"59":0}},"/home/travis/build/npmtest/node-npmtest-lost/node_modules/lost/lib/lost-at-rule.js":{"path":"/home/travis/build/npmtest/node-npmtest-lost/node_modules/lost/lib/lost-at-rule.js","s":{"1":1,"2":0,"3":0,"4":0,"5":0,"6":0,"7":0,"8":0,"9":0,"10":0,"11":0,"12":0,"13":0,"14":0,"15":0,"16":0,"17":0,"18":0,"19":0,"20":0,"21":0,"22":0},"b":{"1":[0,0],"2":[0,0],"3":[0,0],"4":[0,0],"5":[0,0],"6":[0,0],"7":[0,0],"8":[0,0],"9":[0,0]},"f":{"1":0,"2":0},"fnMap":{"1":{"name":"lostAtRule","line":11,"loc":{"start":{"line":11,"column":17},"end":{"line":11,"column":52}}},"2":{"name":"lostAtRuleFunction","line":12,"loc":{"start":{"line":12,"column":26},"end":{"line":12,"column":60}}}},"statementMap":{"1":{"start":{"line":11,"column":0},"end":{"line":46,"column":2}},"2":{"start":{"line":12,"column":2},"end":{"line":45,"column":5}},"3":{"start":{"line":13,"column":4},"end":{"line":13,"column":20}},"4":{"start":{"line":14,"column":4},"end":{"line":14,"column":28}},"5":{"start":{"line":16,"column":4},"end":{"line":16,"column":41}},"6":{"start":{"line":18,"column":4},"end":{"line":20,"column":5}},"7":{"start":{"line":19,"column":6},"end":{"line":19,"column":41}},"8":{"start":{"line":21,"column":4},"end":{"line":23,"column":5}},"9":{"start":{"line":22,"column":6},"end":{"line":22,"column":39}},"10":{"start":{"line":24,"column":4},"end":{"line":26,"column":5}},"11":{"start":{"line":25,"column":6},"end":{"line":25,"column":40}},"12":{"start":{"line":27,"column":4},"end":{"line":29,"column":5}},"13":{"start":{"line":28,"column":6},"end":{"line":28,"column":40}},"14":{"start":{"line":30,"column":4},"end":{"line":32,"column":5}},"15":{"start":{"line":31,"column":6},"end":{"line":31,"column":42}},"16":{"start":{"line":33,"column":4},"end":{"line":43,"column":5}},"17":{"start":{"line":34,"column":6},"end":{"line":42,"column":7}},"18":{"start":{"line":35,"column":8},"end":{"line":39,"column":9}},"19":{"start":{"line":36,"column":10},"end":{"line":36,"column":29}},"20":{"start":{"line":38,"column":10},"end":{"line":38,"column":42}},"21":{"start":{"line":41,"column":8},"end":{"line":41,"column":32}},"22":{"start":{"line":44,"column":4},"end":{"line":44,"column":18}}},"branchMap":{"1":{"line":18,"type":"if","locations":[{"start":{"line":18,"column":4},"end":{"line":18,"column":4}},{"start":{"line":18,"column":4},"end":{"line":18,"column":4}}]},"2":{"line":21,"type":"if","locations":[{"start":{"line":21,"column":4},"end":{"line":21,"column":4}},{"start":{"line":21,"column":4},"end":{"line":21,"column":4}}]},"3":{"line":24,"type":"if","locations":[{"start":{"line":24,"column":4},"end":{"line":24,"column":4}},{"start":{"line":24,"column":4},"end":{"line":24,"column":4}}]},"4":{"line":27,"type":"if","locations":[{"start":{"line":27,"column":4},"end":{"line":27,"column":4}},{"start":{"line":27,"column":4},"end":{"line":27,"column":4}}]},"5":{"line":30,"type":"if","locations":[{"start":{"line":30,"column":4},"end":{"line":30,"column":4}},{"start":{"line":30,"column":4},"end":{"line":30,"column":4}}]},"6":{"line":33,"type":"if","locations":[{"start":{"line":33,"column":4},"end":{"line":33,"column":4}},{"start":{"line":33,"column":4},"end":{"line":33,"column":4}}]},"7":{"line":34,"type":"if","locations":[{"start":{"line":34,"column":6},"end":{"line":34,"column":6}},{"start":{"line":34,"column":6},"end":{"line":34,"column":6}}]},"8":{"line":35,"type":"if","locations":[{"start":{"line":35,"column":8},"end":{"line":35,"column":8}},{"start":{"line":35,"column":8},"end":{"line":35,"column":8}}]},"9":{"line":35,"type":"binary-expr","locations":[{"start":{"line":35,"column":12},"end":{"line":35,"column":37}},{"start":{"line":35,"column":41},"end":{"line":35,"column":63}}]}},"code":["/**","* Override global settings from at-rules set in stylesheet.","*","* @example","*   @lost gutter 60px;","*","*   div {","*     lost-column: 1/3;","*   }","*/","module.exports = function lostAtRule(css, Settings) {","  css.walkAtRules('lost', function lostAtRuleFunction(Rule) {","    var rule = Rule;","    var settings = Settings;","","    rule.params = rule.params.split(' ');","","    if (rule.params[0] === 'clearing') {","      settings.clearing = rule.params[1];","    }","    if (rule.params[0] === 'gutter') {","      settings.gutter = rule.params[1];","    }","    if (rule.params[0] === 'flexbox') {","      settings.flexbox = rule.params[1];","    }","    if (rule.params[0] === 'rounder') {","      settings.rounder = rule.params[1];","    }","    if (rule.params[0] === '--beta-direction') {","      settings.direction = rule.params[1];","    }","    if (rule.params[0] === 'cycle') {","      if (rule.params[1] !== 'auto') {","        if (rule.params[1] === 'none' || rule.params[1] === '0') {","          settings.cycle = 0;","        } else {","          settings.cycle = rule.params[1];","        }","      } else {","        settings.cycle = 'auto';","      }","    }","    rule.remove();","  });","};",""],"l":{"11":1,"12":0,"13":0,"14":0,"16":0,"18":0,"19":0,"21":0,"22":0,"24":0,"25":0,"27":0,"28":0,"30":0,"31":0,"33":0,"34":0,"35":0,"36":0,"38":0,"41":0,"44":0}},"/home/travis/build/npmtest/node-npmtest-lost/node_modules/lost/lib/lost-utility.js":{"path":"/home/travis/build/npmtest/node-npmtest-lost/node_modules/lost/lib/lost-utility.js","s":{"1":1,"2":1,"3":0,"4":0,"5":0,"6":1,"7":0,"8":0,"9":0,"10":0,"11":0,"12":0,"13":0,"14":0,"15":0,"16":0,"17":0,"18":0,"19":0,"20":0,"21":0},"b":{"1":[0,0],"2":[0,0],"3":[0,0],"4":[0,0]},"f":{"1":0,"2":0,"3":0},"fnMap":{"1":{"name":"getColorValue","line":28,"loc":{"start":{"line":28,"column":0},"end":{"line":28,"column":31}}},"2":{"name":"lostUtilityDecl","line":34,"loc":{"start":{"line":34,"column":17},"end":{"line":34,"column":47}}},"3":{"name":"lostUtilityDeclFunction","line":35,"loc":{"start":{"line":35,"column":32},"end":{"line":35,"column":71}}}},"statementMap":{"1":{"start":{"line":1,"column":0},"end":{"line":1,"column":41}},"2":{"start":{"line":28,"column":0},"end":{"line":32,"column":1}},"3":{"start":{"line":29,"column":2},"end":{"line":29,"column":38}},"4":{"start":{"line":30,"column":2},"end":{"line":30,"column":30}},"5":{"start":{"line":31,"column":2},"end":{"line":31,"column":15}},"6":{"start":{"line":34,"column":0},"end":{"line":82,"column":2}},"7":{"start":{"line":35,"column":2},"end":{"line":81,"column":5}},"8":{"start":{"line":36,"column":4},"end":{"line":36,"column":45}},"9":{"start":{"line":37,"column":4},"end":{"line":37,"column":34}},"10":{"start":{"line":38,"column":4},"end":{"line":38,"column":14}},"11":{"start":{"line":40,"column":4},"end":{"line":58,"column":5}},"12":{"start":{"line":41,"column":6},"end":{"line":57,"column":7}},"13":{"start":{"line":42,"column":8},"end":{"line":42,"column":42}},"14":{"start":{"line":44,"column":8},"end":{"line":49,"column":10}},"15":{"start":{"line":51,"column":8},"end":{"line":56,"column":10}},"16":{"start":{"line":60,"column":4},"end":{"line":74,"column":5}},"17":{"start":{"line":61,"column":6},"end":{"line":66,"column":8}},"18":{"start":{"line":68,"column":6},"end":{"line":73,"column":8}},"19":{"start":{"line":76,"column":4},"end":{"line":80,"column":5}},"20":{"start":{"line":77,"column":6},"end":{"line":77,"column":27}},"21":{"start":{"line":79,"column":6},"end":{"line":79,"column":20}}},"branchMap":{"1":{"line":40,"type":"if","locations":[{"start":{"line":40,"column":4},"end":{"line":40,"column":4}},{"start":{"line":40,"column":4},"end":{"line":40,"column":4}}]},"2":{"line":41,"type":"if","locations":[{"start":{"line":41,"column":6},"end":{"line":41,"column":6}},{"start":{"line":41,"column":6},"end":{"line":41,"column":6}}]},"3":{"line":60,"type":"if","locations":[{"start":{"line":60,"column":4},"end":{"line":60,"column":4}},{"start":{"line":60,"column":4},"end":{"line":60,"column":4}}]},"4":{"line":76,"type":"if","locations":[{"start":{"line":76,"column":4},"end":{"line":76,"column":4}},{"start":{"line":76,"column":4},"end":{"line":76,"column":4}}]}},"code":["var newBlock = require('./new-block.js');","","/**"," * lost-utility: A general utility toolbelt for Lost. Included are mixins"," * that require no additional input other than being called."," *"," * @param {string} [edit|clearfix] - The mixin to create."," *"," * @example"," *   body {"," *     lost-utility: edit;"," *   }"," *"," * @example"," *   body {"," *     lost-utility: edit rgb(33,44,55);"," *   }"," *"," * @example"," *   .parent {"," *     lost-utility: clearfix;"," *   }"," *   .child {"," *     lost-column: 1/2;"," *   }"," */","","function getColorValue(string) {","  var color = string.split('rgb(')[1];","  color = color.split(')')[0];","  return color;","}","","module.exports = function lostUtilityDecl(css) {","  css.walkDecls('lost-utility', function lostUtilityDeclFunction(decl) {","    var utilityArray = decl.value.split(' ');","    var utility = utilityArray[0];","    var color;","","    if (utility === 'edit') {","      if (utilityArray[1]) {","        color = getColorValue(decl.value);","","        newBlock(","          decl,","          ' *:not(input):not(textarea):not(select)',","          ['background-color'],","          ['rgba(' + color + ', 0.1)']","        );","      } else {","        newBlock(","          decl,","          ' *:not(input):not(textarea):not(select)',","          ['background-color'],","          ['rgba(0, 0, 255, 0.1)']","        );","      }","    }","","    if (utility === 'clearfix') {","      newBlock(","        decl,","        ':after',","        ['content', 'display', 'clear'],","        ['\\'\\'', 'table', 'both']","      );","","      newBlock(","        decl,","        ':before',","        ['content', 'display'],","        ['\\'\\'', 'table']","      );","    }","","    if (decl.parent.nodes.length === 1) {","      decl.parent.remove();","    } else {","      decl.remove();","    }","  });","};",""],"l":{"1":1,"28":1,"29":0,"30":0,"31":0,"34":1,"35":0,"36":0,"37":0,"38":0,"40":0,"41":0,"42":0,"44":0,"51":0,"60":0,"61":0,"68":0,"76":0,"77":0,"79":0}},"/home/travis/build/npmtest/node-npmtest-lost/node_modules/lost/lib/new-block.js":{"path":"/home/travis/build/npmtest/node-npmtest-lost/node_modules/lost/lib/new-block.js","s":{"1":1,"2":0,"3":0,"4":1,"5":0,"6":0,"7":0,"8":0,"9":0,"10":0,"11":0,"12":0,"13":0,"14":0,"15":0},"b":{},"f":{"1":0,"2":0,"3":0,"4":0,"5":0},"fnMap":{"1":{"name":"newBlock","line":1,"loc":{"start":{"line":1,"column":17},"end":{"line":1,"column":66}}},"2":{"name":"appendToSelectors","line":5,"loc":{"start":{"line":5,"column":2},"end":{"line":5,"column":62}}},"3":{"name":"appendSelectorsFunction","line":8,"loc":{"start":{"line":8,"column":37},"end":{"line":8,"column":76}}},"4":{"name":"removeDeclarationFunction","line":21,"loc":{"start":{"line":21,"column":18},"end":{"line":21,"column":66}}},"5":{"name":"addRulesFunction","line":25,"loc":{"start":{"line":25,"column":16},"end":{"line":25,"column":51}}}},"statementMap":{"1":{"start":{"line":1,"column":0},"end":{"line":33,"column":2}},"2":{"start":{"line":2,"column":2},"end":{"line":2,"column":23}},"3":{"start":{"line":3,"column":2},"end":{"line":3,"column":12}},"4":{"start":{"line":5,"column":2},"end":{"line":13,"column":3}},"5":{"start":{"line":6,"column":4},"end":{"line":6,"column":31}},"6":{"start":{"line":8,"column":4},"end":{"line":10,"column":7}},"7":{"start":{"line":9,"column":6},"end":{"line":9,"column":54}},"8":{"start":{"line":12,"column":4},"end":{"line":12,"column":39}},"9":{"start":{"line":15,"column":2},"end":{"line":15,"column":71}},"10":{"start":{"line":17,"column":2},"end":{"line":19,"column":5}},"11":{"start":{"line":21,"column":2},"end":{"line":23,"column":5}},"12":{"start":{"line":22,"column":4},"end":{"line":22,"column":25}},"13":{"start":{"line":25,"column":2},"end":{"line":32,"column":5}},"14":{"start":{"line":26,"column":4},"end":{"line":29,"column":7}},"15":{"start":{"line":31,"column":4},"end":{"line":31,"column":23}}},"branchMap":{},"code":["module.exports = function newBlock(decl, selector, props, values) {","  var completeSelector;","  var block;","","  function appendToSelectors(_thisSelector, selectorToAppend) {","    var appendedSelectors = [];","","    _thisSelector.split(',').forEach(function appendSelectorsFunction(item) {","      appendedSelectors.push(item + selectorToAppend);","    });","","    return appendedSelectors.join(',');","  }","","  completeSelector = appendToSelectors(decl.parent.selector, selector);","","  block = decl.parent.cloneAfter({","    selector: completeSelector","  });","","  block.walkDecls(function removeDeclarationFunction(declaration) {","    declaration.remove();","  });","","  props.forEach(function addRulesFunction(prop, i) {","    var rule = decl.clone({","      prop: prop,","      value: values[i].toString()","    });","","    rule.moveTo(block);","  });","};",""],"l":{"1":1,"2":0,"3":0,"5":1,"6":0,"8":0,"9":0,"12":0,"15":0,"17":0,"21":0,"22":0,"25":0,"26":0,"31":0}},"/home/travis/build/npmtest/node-npmtest-lost/node_modules/lost/lib/lost-flex-container.js":{"path":"/home/travis/build/npmtest/node-npmtest-lost/node_modules/lost/lib/lost-flex-container.js","s":{"1":1,"2":0,"3":0,"4":0,"5":0,"6":0,"7":0},"b":{"1":[0,0]},"f":{"1":0,"2":0},"fnMap":{"1":{"name":"lostFlexContainerDecl","line":16,"loc":{"start":{"line":16,"column":17},"end":{"line":16,"column":53}}},"2":{"name":"lostFlexContainerFunction","line":17,"loc":{"start":{"line":17,"column":39},"end":{"line":17,"column":80}}}},"statementMap":{"1":{"start":{"line":16,"column":0},"end":{"line":37,"column":2}},"2":{"start":{"line":17,"column":2},"end":{"line":36,"column":5}},"3":{"start":{"line":18,"column":4},"end":{"line":21,"column":7}},"4":{"start":{"line":23,"column":4},"end":{"line":33,"column":5}},"5":{"start":{"line":24,"column":6},"end":{"line":27,"column":9}},"6":{"start":{"line":29,"column":6},"end":{"line":32,"column":9}},"7":{"start":{"line":35,"column":4},"end":{"line":35,"column":18}}},"branchMap":{"1":{"line":23,"type":"if","locations":[{"start":{"line":23,"column":4},"end":{"line":23,"column":4}},{"start":{"line":23,"column":4},"end":{"line":23,"column":4}}]}},"code":["/**"," * lost-flex-container: Creates a Flexbox container."," *"," * @param {string} [row|column] - The flex-direction the container should"," *   create. This is typically opposite to the element you're creating so a"," *   row would need `lost-flex-container: column;`."," *"," * @example"," *   section {"," *     lost-flex-container: row;"," *   }"," *   div {"," *     lost-column: 1/2 flex;"," *   }"," */","module.exports = function lostFlexContainerDecl(css) {","  css.walkDecls('lost-flex-container', function lostFlexContainerFunction(decl) {","    decl.cloneBefore({","      prop: 'display',","      value: 'flex'","    });","","    if (decl.value === 'column') {","      decl.cloneBefore({","        prop: 'flex-flow',","        value: 'column nowrap'","      });","    } else {","      decl.cloneBefore({","        prop: 'flex-flow',","        value: 'row wrap'","      });","    }","","    decl.remove();","  });","};",""],"l":{"16":1,"17":0,"18":0,"23":0,"24":0,"29":0,"35":0}},"/home/travis/build/npmtest/node-npmtest-lost/node_modules/lost/lib/lost-center.js":{"path":"/home/travis/build/npmtest/node-npmtest-lost/node_modules/lost/lib/lost-center.js","s":{"1":1,"2":1,"3":0,"4":0,"5":0,"6":0,"7":0,"8":0,"9":0,"10":0,"11":0,"12":0,"13":0,"14":0,"15":0,"16":0,"17":0,"18":0,"19":0,"20":0,"21":0,"22":0,"23":0,"24":0,"25":0,"26":0,"27":0,"28":0,"29":0,"30":0,"31":0,"32":0,"33":0,"34":0},"b":{"1":[0,0],"2":[0,0],"3":[0,0],"4":[0,0],"5":[0,0],"6":[0,0],"7":[0,0],"8":[0,0],"9":[0,0]},"f":{"1":0,"2":0,"3":0,"4":0},"fnMap":{"1":{"name":"lostCenterDecl","line":25,"loc":{"start":{"line":25,"column":17},"end":{"line":25,"column":56}}},"2":{"name":"lostCenterFunction","line":26,"loc":{"start":{"line":26,"column":31},"end":{"line":26,"column":65}}},"3":{"name":"lostCenterPaddingFunction","line":45,"loc":{"start":{"line":45,"column":30},"end":{"line":45,"column":78}}},"4":{"name":"lostCenterFlexboxFunction","line":53,"loc":{"start":{"line":53,"column":30},"end":{"line":53,"column":78}}}},"statementMap":{"1":{"start":{"line":1,"column":0},"end":{"line":1,"column":41}},"2":{"start":{"line":25,"column":0},"end":{"line":118,"column":2}},"3":{"start":{"line":26,"column":2},"end":{"line":117,"column":5}},"4":{"start":{"line":27,"column":4},"end":{"line":27,"column":21}},"5":{"start":{"line":28,"column":4},"end":{"line":28,"column":26}},"6":{"start":{"line":29,"column":4},"end":{"line":29,"column":45}},"7":{"start":{"line":31,"column":4},"end":{"line":31,"column":36}},"8":{"start":{"line":33,"column":4},"end":{"line":35,"column":5}},"9":{"start":{"line":34,"column":6},"end":{"line":34,"column":37}},"10":{"start":{"line":37,"column":4},"end":{"line":39,"column":5}},"11":{"start":{"line":38,"column":6},"end":{"line":38,"column":33}},"12":{"start":{"line":41,"column":4},"end":{"line":43,"column":5}},"13":{"start":{"line":42,"column":6},"end":{"line":42,"column":36}},"14":{"start":{"line":45,"column":4},"end":{"line":51,"column":7}},"15":{"start":{"line":46,"column":6},"end":{"line":50,"column":7}},"16":{"start":{"line":47,"column":8},"end":{"line":47,"column":46}},"17":{"start":{"line":49,"column":8},"end":{"line":49,"column":29}},"18":{"start":{"line":53,"column":4},"end":{"line":61,"column":7}},"19":{"start":{"line":54,"column":6},"end":{"line":60,"column":7}},"20":{"start":{"line":55,"column":8},"end":{"line":57,"column":9}},"21":{"start":{"line":56,"column":10},"end":{"line":56,"column":48}},"22":{"start":{"line":59,"column":8},"end":{"line":59,"column":29}},"23":{"start":{"line":63,"column":4},"end":{"line":87,"column":5}},"24":{"start":{"line":64,"column":6},"end":{"line":69,"column":8}},"25":{"start":{"line":71,"column":6},"end":{"line":76,"column":8}},"26":{"start":{"line":78,"column":6},"end":{"line":81,"column":9}},"27":{"start":{"line":83,"column":6},"end":{"line":86,"column":9}},"28":{"start":{"line":89,"column":4},"end":{"line":92,"column":7}},"29":{"start":{"line":94,"column":4},"end":{"line":97,"column":7}},"30":{"start":{"line":99,"column":4},"end":{"line":102,"column":7}},"31":{"start":{"line":104,"column":4},"end":{"line":114,"column":5}},"32":{"start":{"line":105,"column":6},"end":{"line":108,"column":9}},"33":{"start":{"line":110,"column":6},"end":{"line":113,"column":9}},"34":{"start":{"line":116,"column":4},"end":{"line":116,"column":18}}},"branchMap":{"1":{"line":33,"type":"if","locations":[{"start":{"line":33,"column":4},"end":{"line":33,"column":4}},{"start":{"line":33,"column":4},"end":{"line":33,"column":4}}]},"2":{"line":33,"type":"binary-expr","locations":[{"start":{"line":33,"column":8},"end":{"line":33,"column":32}},{"start":{"line":33,"column":36},"end":{"line":33,"column":67}}]},"3":{"line":37,"type":"if","locations":[{"start":{"line":37,"column":4},"end":{"line":37,"column":4}},{"start":{"line":37,"column":4},"end":{"line":37,"column":4}}]},"4":{"line":41,"type":"if","locations":[{"start":{"line":41,"column":4},"end":{"line":41,"column":4}},{"start":{"line":41,"column":4},"end":{"line":41,"column":4}}]},"5":{"line":46,"type":"if","locations":[{"start":{"line":46,"column":6},"end":{"line":46,"column":6}},{"start":{"line":46,"column":6},"end":{"line":46,"column":6}}]},"6":{"line":54,"type":"if","locations":[{"start":{"line":54,"column":6},"end":{"line":54,"column":6}},{"start":{"line":54,"column":6},"end":{"line":54,"column":6}}]},"7":{"line":55,"type":"if","locations":[{"start":{"line":55,"column":8},"end":{"line":55,"column":8}},{"start":{"line":55,"column":8},"end":{"line":55,"column":8}}]},"8":{"line":63,"type":"if","locations":[{"start":{"line":63,"column":4},"end":{"line":63,"column":4}},{"start":{"line":63,"column":4},"end":{"line":63,"column":4}}]},"9":{"line":104,"type":"if","locations":[{"start":{"line":104,"column":4},"end":{"line":104,"column":4}},{"start":{"line":104,"column":4},"end":{"line":104,"column":4}}]}},"code":["var newBlock = require('./new-block.js');","","/**"," * lost-center: Horizontally center a container element and apply padding"," * to it."," *"," * @param {length} [max-width] - A max-width to assign. Can be any unit."," *"," * @param {length} [padding] - Padding on the left and right of the element."," *   Can be any unit."," *"," * @param {string} [flex|no-flex] - Determines whether this element should"," *   use Flexbox or not."," *"," * @example"," *   section {"," *     lost-center: 980px;"," *   }"," *"," * @example"," *   section {"," *     lost-center: 1140px 30px flex;"," *   }"," */","module.exports = function lostCenterDecl(css, settings) {","  css.walkDecls('lost-center', function lostCenterFunction(decl) {","    var declArr = [];","    var lostCenterPadding;","    var lostCenterFlexbox = settings.flexbox;","","    declArr = decl.value.split(' ');","","    if (declArr[1] !== undefined && declArr[1].search(/^\\d/) !== -1) {","      lostCenterPadding = declArr[1];","    }","","    if (declArr.indexOf('flex') !== -1) {","      lostCenterFlexbox = 'flex';","    }","","    if (declArr.indexOf('no-flex') !== -1) {","      lostCenterFlexbox = 'no-flex';","    }","","    decl.parent.nodes.forEach(function lostCenterPaddingFunction(declaration) {","      if (declaration.prop === 'lost-center-padding') {","        lostCenterPadding = declaration.value;","","        declaration.remove();","      }","    });","","    decl.parent.nodes.forEach(function lostCenterFlexboxFunction(declaration) {","      if (declaration.prop === 'lost-center-flexbox') {","        if (declaration.value === 'flex') {","          lostCenterFlexbox = declaration.value;","        }","","        declaration.remove();","      }","    });","","    if (lostCenterFlexbox === 'no-flex') {","      newBlock(","        decl,","        ':after',","        ['content', 'display', 'clear'],","        ['\\'\\'', 'table', 'both']","      );","","      newBlock(","        decl,","        ':before',","        ['content', 'display'],","        ['\\'\\'', 'table']","      );","    } else {","      decl.cloneBefore({","        prop: 'display',","        value: 'flex'","      });","","      decl.cloneBefore({","        prop: 'flex-flow',","        value: 'row wrap'","      });","    }","","    decl.cloneBefore({","      prop: 'max-width',","      value: declArr[0]","    });","","    decl.cloneBefore({","      prop: 'margin-left',","      value: 'auto'","    });","","    decl.cloneBefore({","      prop: 'margin-right',","      value: 'auto'","    });","","    if (lostCenterPadding !== undefined) {","      decl.cloneBefore({","        prop: 'padding-left',","        value: lostCenterPadding","      });","","      decl.cloneBefore({","        prop: 'padding-right',","        value: lostCenterPadding","      });","    }","","    decl.remove();","  });","};",""],"l":{"1":1,"25":1,"26":0,"27":0,"28":0,"29":0,"31":0,"33":0,"34":0,"37":0,"38":0,"41":0,"42":0,"45":0,"46":0,"47":0,"49":0,"53":0,"54":0,"55":0,"56":0,"59":0,"63":0,"64":0,"71":0,"78":0,"83":0,"89":0,"94":0,"99":0,"104":0,"105":0,"110":0,"116":0}},"/home/travis/build/npmtest/node-npmtest-lost/node_modules/lost/lib/lost-align.js":{"path":"/home/travis/build/npmtest/node-npmtest-lost/node_modules/lost/lib/lost-align.js","s":{"1":1,"2":1,"3":0,"4":0,"5":0,"6":0,"7":0,"8":0,"9":0,"10":0,"11":0,"12":0,"13":0,"14":0,"15":0,"16":0,"17":0,"18":0,"19":0,"20":0,"21":0,"22":0,"23":0,"24":0,"25":0,"26":0,"27":0,"28":0,"29":0,"30":0,"31":0,"32":0,"33":0,"34":0,"35":0,"36":0,"37":0,"38":0,"39":0,"40":0,"41":0,"42":0,"43":0,"44":0,"45":0,"46":0,"47":0,"48":0,"49":0,"50":0,"51":0,"52":0,"53":0,"54":0,"55":0,"56":0,"57":0,"58":0,"59":0,"60":0,"61":0,"62":0,"63":0,"64":0},"b":{"1":[0,0],"2":[0,0],"3":[0,0],"4":[0,0],"5":[0,0],"6":[0,0],"7":[0,0],"8":[0,0],"9":[0,0],"10":[0,0],"11":[0,0],"12":[0,0],"13":[0,0],"14":[0,0],"15":[0,0],"16":[0,0],"17":[0,0],"18":[0,0],"19":[0,0],"20":[0,0],"21":[0,0],"22":[0,0],"23":[0,0],"24":[0,0],"25":[0,0],"26":[0,0],"27":[0,0],"28":[0,0],"29":[0,0],"30":[0,0],"31":[0,0],"32":[0,0],"33":[0,0],"34":[0,0],"35":[0,0],"36":[0,0]},"f":{"1":0,"2":0},"fnMap":{"1":{"name":"lostAlign","line":25,"loc":{"start":{"line":25,"column":17},"end":{"line":25,"column":51}}},"2":{"name":"alignDirectionFunction","line":26,"loc":{"start":{"line":26,"column":30},"end":{"line":26,"column":68}}}},"statementMap":{"1":{"start":{"line":1,"column":0},"end":{"line":1,"column":41}},"2":{"start":{"line":25,"column":0},"end":{"line":231,"column":2}},"3":{"start":{"line":26,"column":2},"end":{"line":230,"column":5}},"4":{"start":{"line":27,"column":4},"end":{"line":27,"column":21}},"5":{"start":{"line":28,"column":4},"end":{"line":28,"column":23}},"6":{"start":{"line":29,"column":4},"end":{"line":29,"column":35}},"7":{"start":{"line":31,"column":4},"end":{"line":31,"column":36}},"8":{"start":{"line":32,"column":4},"end":{"line":32,"column":32}},"9":{"start":{"line":34,"column":4},"end":{"line":36,"column":5}},"10":{"start":{"line":35,"column":6},"end":{"line":35,"column":23}},"11":{"start":{"line":38,"column":4},"end":{"line":228,"column":5}},"12":{"start":{"line":39,"column":6},"end":{"line":133,"column":7}},"13":{"start":{"line":40,"column":8},"end":{"line":43,"colu
[...]
],"8":[0,0],"9":[0,0],"10":[0,0],"11":[0,0],"12":[0,0],"13":[0,0]},"f":{"1":0,"2":0,"3":0,"4":0,"5":0,"6":0,"7":0,"8":0},"fnMap":{"1":{"name":"lostMasonryColumnDecl","line":21,"loc":{"start":{"line":21,"column":17},"end":{"line":21,"column":63}}},"2":{"name":"lostMasonryColumnFunction","line":22,"loc":{"start":{"line":22,"column":39},"end":{"line":22,"column":80}}},"3":{"name":"cloneAllBefore","line":30,"loc":{"start":{"line":30,"column":4},"end":{"line":30,"column":35}}},"4":{"name":"traverseProps","line":31,"loc":{"start":{"line":31,"column":33},"end":{"line":31,"column":62}}},"5":{"name":"lostMasonryColumnRounderFunction","line":58,"loc":{"start":{"line":58,"column":30},"end":{"line":58,"column":85}}},"6":{"name":"lostMasonryColumnGutterFunction","line":66,"loc":{"start":{"line":66,"column":30},"end":{"line":66,"column":84}}},"7":{"name":"lostMasonryColumnRounderFunction","line":73,"loc":{"start":{"line":73,"column":30},"end":{"line":73,"column":85}}},"8":{"name":"lostMasonryColumnFlexboxFunction","line":80,"loc":{"start":{"line":80,"column":30},"end":{"line":80,"column":85}}}},"statementMap":{"1":{"start":{"line":21,"column":0},"end":{"line":121,"column":2}},"2":{"start":{"line":22,"column":2},"end":{"line":120,"column":5}},"3":{"start":{"line":23,"column":4},"end":{"line":23,"column":21}},"4":{"start":{"line":24,"column":4},"end":{"line":24,"column":26}},"5":{"start":{"line":25,"column":4},"end":{"line":25,"column":52}},"6":{"start":{"line":26,"column":4},"end":{"line":26,"column":52}},"7":{"start":{"line":27,"column":4},"end":{"line":27,"column":50}},"8":{"start":{"line":28,"column":4},"end":{"line":28,"column":36}},"9":{"start":{"line":30,"column":4},"end":{"line":37,"column":5}},"10":{"start":{"line":31,"column":6},"end":{"line":36,"column":9}},"11":{"start":{"line":32,"column":8},"end":{"line":35,"column":11}},"12":{"start":{"line":39,"column":4},"end":{"line":39,"column":36}},"13":{"start":{"line":40,"column":4},"end":{"line":40,"column":35}},"14":{"start":{"line":42,"column":4},"end":{"line":44,"column":5}},"15":{"start":{"line":43,"column":6},"end":{"line":43,"column":43}},"16":{"start":{"line":46,"column":4},"end":{"line":48,"column":5}},"17":{"start":{"line":47,"column":6},"end":{"line":47,"column":44}},"18":{"start":{"line":50,"column":4},"end":{"line":52,"column":5}},"19":{"start":{"line":51,"column":6},"end":{"line":51,"column":40}},"20":{"start":{"line":54,"column":4},"end":{"line":56,"column":5}},"21":{"start":{"line":55,"column":6},"end":{"line":55,"column":43}},"22":{"start":{"line":58,"column":4},"end":{"line":64,"column":7}},"23":{"start":{"line":59,"column":6},"end":{"line":63,"column":7}},"24":{"start":{"line":60,"column":8},"end":{"line":60,"column":53}},"25":{"start":{"line":62,"column":8},"end":{"line":62,"column":29}},"26":{"start":{"line":66,"column":4},"end":{"line":72,"column":7}},"27":{"start":{"line":67,"column":6},"end":{"line":71,"column":7}},"28":{"start":{"line":68,"column":8},"end":{"line":68,"column":52}},"29":{"start":{"line":70,"column":8},"end":{"line":70,"column":29}},"30":{"start":{"line":73,"column":4},"end":{"line":79,"column":7}},"31":{"start":{"line":74,"column":6},"end":{"line":78,"column":7}},"32":{"start":{"line":75,"column":8},"end":{"line":75,"column":53}},"33":{"start":{"line":77,"column":8},"end":{"line":77,"column":29}},"34":{"start":{"line":80,"column":4},"end":{"line":88,"column":7}},"35":{"start":{"line":81,"column":6},"end":{"line":87,"column":7}},"36":{"start":{"line":82,"column":8},"end":{"line":84,"column":9}},"37":{"start":{"line":83,"column":10},"end":{"line":83,"column":44}},"38":{"start":{"line":86,"column":8},"end":{"line":86,"column":29}},"39":{"start":{"line":90,"column":4},"end":{"line":90,"column":80}},"40":{"start":{"line":92,"column":4},"end":{"line":102,"column":5}},"41":{"start":{"line":93,"column":6},"end":{"line":96,"column":9}},"42":{"start":{"line":98,"column":6},"end":{"line":101,"column":9}},"43":{"start":{"line":104,"column":4},"end":{"line":117,"column":5}},"44":{"start":{"line":105,"column":6},"end":{"line":110,"column":9}},"45":{"start":{"line":112,"column":6},"end":{"line":116,"column":9}},"46":{"start":{"line":119,"column":4},"end":{"line":119,"column":18}}},"branchMap":{"1":{"line":42,"type":"if","locations":[{"start":{"line":42,"column":4},"end":{"line":42,"column":4}},{"start":{"line":42,"column":4},"end":{"line":42,"column":4}}]},"2":{"line":42,"type":"binary-expr","locations":[{"start":{"line":42,"column":8},"end":{"line":42,"column":32}},{"start":{"line":42,"column":36},"end":{"line":42,"column":67}}]},"3":{"line":46,"type":"if","locations":[{"start":{"line":46,"column":4},"end":{"line":46,"column":4}},{"start":{"line":46,"column":4},"end":{"line":46,"column":4}}]},"4":{"line":46,"type":"binary-expr","locations":[{"start":{"line":46,"column":9},"end":{"line":46,"column":33}},{"start":{"line":46,"column":37},"end":{"line":46,"column":58}},{"start":{"line":46,"column":63},"end":{"line":46,"column":87}}]},"5":{"line":50,"type":"if","locations":[{"start":{"line":50,"column":4},"end":{"line":50,"column":4}},{"start":{"line":50,"column":4},"end":{"line":50,"column":4}}]},"6":{"line":54,"type":"if","locations":[{"start":{"line":54,"column":4},"end":{"line":54,"column":4}},{"start":{"line":54,"column":4},"end":{"line":54,"column":4}}]},"7":{"line":59,"type":"if","locations":[{"start":{"line":59,"column":6},"end":{"line":59,"column":6}},{"start":{"line":59,"column":6},"end":{"line":59,"column":6}}]},"8":{"line":67,"type":"if","locations":[{"start":{"line":67,"column":6},"end":{"line":67,"column":6}},{"start":{"line":67,"column":6},"end":{"line":67,"column":6}}]},"9":{"line":74,"type":"if","locations":[{"start":{"line":74,"column":6},"end":{"line":74,"column":6}},{"start":{"line":74,"column":6},"end":{"line":74,"column":6}}]},"10":{"line":81,"type":"if","locations":[{"start":{"line":81,"column":6},"end":{"line":81,"column":6}},{"start":{"line":81,"column":6},"end":{"line":81,"column":6}}]},"11":{"line":82,"type":"if","locations":[{"start":{"line":82,"column":8},"end":{"line":82,"column":8}},{"start":{"line":82,"column":8},"end":{"line":82,"column":8}}]},"12":{"line":92,"type":"if","locations":[{"start":{"line":92,"column":4},"end":{"line":92,"column":4}},{"start":{"line":92,"column":4},"end":{"line":92,"column":4}}]},"13":{"line":104,"type":"if","locations":[{"start":{"line":104,"column":4},"end":{"line":104,"column":4}},{"start":{"line":104,"column":4},"end":{"line":104,"column":4}}]}},"code":["/**"," * lost-masonry-column: Creates a column for working with JS masonry"," * libraries like Isotope. Assigns a margin to each side of the element."," *"," * @param {length} [gutter] - How large the gutter involved is, typically"," *   this won't be adjusted and will inherit settings.gutter, but it's made"," *   available if you want your masonry grid to have a special gutter, it"," *   should match your masonry-row's gutter."," *"," * @param {string} [flex|no-flex] - Determines whether this element should"," *   use Flexbox or not."," *"," * @example"," *   section {"," *     lost-masonry-wrap: flex 60px;"," *   }"," *   div {"," *     lost-masonry-column: 1/3 60px flex;"," *   }"," */","module.exports = function lostMasonryColumnDecl(css, settings) {","  css.walkDecls('lost-masonry-column', function lostMasonryColumnFunction(decl) {","    var declArr = [];","    var lostMasonryColumn;","    var lostMasonryColumnRounder = settings.rounder;","    var lostMasonryColumnFlexbox = settings.flexbox;","    var lostMasonryColumnGutter = settings.gutter;","    var lostMasonryColumnGutterUnit;","","    function cloneAllBefore(props) {","      Object.keys(props).forEach(function traverseProps(prop) {","        decl.cloneBefore({","          prop: prop,","          value: props[prop]","        });","      });","    }","","    declArr = decl.value.split(' ');","    lostMasonryColumn = declArr[0];","","    if (declArr[1] !== undefined && declArr[1].search(/^\\d/) !== -1) {","      lostMasonryColumnGutter = declArr[1];","    }","","    if ((declArr[2] !== undefined && declArr[2] === 'flex') || declArr[2] === 'no-flex') {","      lostMasonryColumnFlexbox = declArr[2];","    }","","    if (declArr.indexOf('flex') !== -1) {","      lostMasonryColumnFlexbox = 'flex';","    }","","    if (declArr.indexOf('no-flex') !== -1) {","      lostMasonryColumnFlexbox = 'no-flex';","    }","","    decl.parent.nodes.forEach(function lostMasonryColumnRounderFunction(declaration) {","      if (declaration.prop === 'lost-masonry-column-rounder') {","        lostMasonryColumnRounder = declaration.value;","","        declaration.remove();","      }","    });","","    decl.parent.nodes.forEach(function lostMasonryColumnGutterFunction(declaration) {","      if (declaration.prop === 'lost-masonry-column-gutter') {","        lostMasonryColumnGutter = declaration.value;","","        declaration.remove();","      }","    });","    decl.parent.nodes.forEach(function lostMasonryColumnRounderFunction(declaration) {","      if (declaration.prop === 'lost-rounder') {","        lostMasonryColumnRounder = declaration.value;","","        declaration.remove();","      }","    });","    decl.parent.nodes.forEach(function lostMasonryColumnFlexboxFunction(declaration) {","      if (declaration.prop === 'lost-masonry-column-flexbox') {","        if (declaration.value === 'flex') {","          lostMasonryColumnFlexbox = 'flex';","        }","","        declaration.remove();","      }","    });","","    lostMasonryColumnGutterUnit = lostMasonryColumnGutter.match(/\\D/g).join('');","","    if (lostMasonryColumnFlexbox === 'flex') {","      decl.cloneBefore({","        prop: 'flex',","        value: '0 0 auto'","      });","    } else {","      decl.cloneBefore({","        prop: 'float',","        value: 'left'","      });","    }","","    if (lostMasonryColumnGutter !== '0') {","      cloneAllBefore({","        width: 'calc(' + lostMasonryColumnRounder + '% * ' + lostMasonryColumn +","        ' - ' + lostMasonryColumnGutter + ')',","        'margin-left': (parseInt(lostMasonryColumnGutter, 10) / 2) + lostMasonryColumnGutterUnit,","        'margin-right': (parseInt(lostMasonryColumnGutter, 10) / 2) + lostMasonryColumnGutterUnit","      });","    } else {","      cloneAllBefore({","        width: 'calc(' + lostMasonryColumnRounder + '% * ' + lostMasonryColumn + ')',","        'margin-left': (parseInt(lostMasonryColumnGutter, 10) / 2) + lostMasonryColumnGutterUnit,","        'margin-right': (parseInt(lostMasonryColumnGutter, 10) / 2) + lostMasonryColumnGutterUnit","      });","    }","","    decl.remove();","  });","};",""],"l":{"21":1,"22":0,"23":0,"24":0,"25":0,"26":0,"27":0,"28":0,"30":1,"31":0,"32":0,"39":0,"40":0,"42":0,"43":0,"46":0,"47":0,"50":0,"51":0,"54":0,"55":0,"58":0,"59":0,"60":0,"62":0,"66":0,"67":0,"68":0,"70":0,"73":0,"74":0,"75":0,"77":0,"80":0,"81":0,"82":0,"83":0,"86":0,"90":0,"92":0,"93":0,"98":0,"104":0,"105":0,"112":0,"119":0}},"/home/travis/build/npmtest/node-npmtest-lost/node_modules/lost/lib/check-node-version.js":{"path":"/home/travis/build/npmtest/node-npmtest-lost/node_modules/lost/lib/check-node-version.js","s":{"1":1,"2":1,"3":0,"4":0,"5":0,"6":0,"7":0,"8":0},"b":{"1":[0,0],"2":[0,0]},"f":{"1":0},"fnMap":{"1":{"name":"checkNodeVersion","line":3,"loc":{"start":{"line":3,"column":17},"end":{"line":3,"column":56}}}},"statementMap":{"1":{"start":{"line":1,"column":0},"end":{"line":1,"column":268}},"2":{"start":{"line":3,"column":0},"end":{"line":15,"column":2}},"3":{"start":{"line":4,"column":2},"end":{"line":7,"column":4}},"4":{"start":{"line":8,"column":2},"end":{"line":13,"column":3}},"5":{"start":{"line":9,"column":4},"end":{"line":9,"column":44}},"6":{"start":{"line":10,"column":4},"end":{"line":12,"column":5}},"7":{"start":{"line":11,"column":6},"end":{"line":11,"column":31}},"8":{"start":{"line":14,"column":2},"end":{"line":14,"column":22}}},"branchMap":{"1":{"line":8,"type":"if","locations":[{"start":{"line":8,"column":2},"end":{"line":8,"column":2}},{"start":{"line":8,"column":2},"end":{"line":8,"column":2}}]},"2":{"line":10,"type":"if","locations":[{"start":{"line":10,"column":4},"end":{"line":10,"column":4}},{"start":{"line":10,"column":4},"end":{"line":10,"column":4}}]}},"code":["var warning = 'LostGrid is dropping support for Node versions 0.10 and 0.12 after version 8.\\n If you need to retain your use of Node v0.10 v0.12 it\\'s recommended you don\\'t\\n update without testing it first. Submit an issue if you have questions. \\n\\n lostgrid.org';","","module.exports = function checkNodeVersion(nodeVersion) {","  var returnOutput = {","    warn: false,","    warning: warning","  };","  if (nodeVersion) {","    nodeVersion = nodeVersion.split('.')[0];","    if (nodeVersion < 1) {","      returnOutput.warn = true;","    }","  }","  return returnOutput;","};",""],"l":{"1":1,"3":1,"4":0,"8":0,"9":0,"10":0,"11":0,"14":0}},"/home/travis/build/npmtest/node-npmtest-lost/node_modules/lost/lib/lg-gutter.js":{"path":"/home/travis/build/npmtest/node-npmtest-lost/node_modules/lost/lib/lg-gutter.js","s":{"1":1,"2":0,"3":0,"4":0,"5":0,"6":0,"7":0,"8":0,"9":0,"10":0,"11":0,"12":0,"13":0,"14":0,"15":0,"16":0,"17":0,"18":0,"19":0,"20":0,"21":0},"b":{"1":[0,0],"2":[0,0],"3":[0,0],"4":[0,0],"5":[0,0,0],"6":[0,0],"7":[0,0],"8":[0,0],"9":[0,0,0,0],"10":[0,0],"11":[0,0],"12":[0,0]},"f":{"1":0},"fnMap":{"1":{"name":"lgGutter","line":1,"loc":{"start":{"line":1,"column":17},"end":{"line":1,"column":50}}}},"statementMap":{"1":{"start":{"line":1,"column":0},"end":{"line":46,"column":2}},"2":{"start":{"line":2,"column":2},"end":{"line":2,"column":31}},"3":{"start":{"line":3,"column":2},"end":{"line":45,"column":5}},"4":{"start":{"line":4,"column":4},"end":{"line":10,"column":5}},"5":{"start":{"line":8,"column":6},"end":{"line":8,"column":81}},"6":{"start":{"line":9,"column":6},"end":{"line":9,"column":41}},"7":{"start":{"line":11,"column":4},"end":{"line":43,"column":5}},"8":{"start":{"line":12,"column":6},"end":{"line":12,"column":33}},"9":{"start":{"line":13,"column":6},"end":{"line":39,"column":9}},"10":{"start":{"line":14,"column":8},"end":{"line":14,"column":66}},"11":{"start":{"line":16,"column":8},"end":{"line":36,"column":9}},"12":{"start":{"line":21,"column":10},"end":{"line":23,"column":11}},"13":{"start":{"line":22,"column":12},"end":{"line":22,"column":48}},"14":{"start":{"line":24,"column":15},"end":{"line":36,"column":9}},"15":{"start":{"line":30,"column":10},"end":{"line":33,"column":11}},"16":{"start":{"line":31,"column":12},"end":{"line":31,"column":48}},"17":{"start":{"line":34,"column":15},"end":{"line":36,"column":9}},"18":{"start":{"line":35,"column":10},"end":{"line":35,"column":50}},"19":{"start":{"line":38,"column":8},"end":{"line":38,"column":42}},"20":{"start":{"line":41,"column":6},"end":{"line":41,"column":82}},"21":{"start":{"line":42,"column":6},"end":{"line":42,"column":40}}},"branchMap":{"1":{"line":4,"type":"if","locations":[{"start":{"line":4,"column":4},"end":{"line":4,"column":4}},{"start":{"line":4,"column":4},"end":{"line":4,"column":4}}]},"2":{"line":5,"type":"binary-expr","locations":[{"start":{"line":5,"column":6},"end":{"line":5,"column":48}},{"start":{"line":6,"column":6},"end":{"line":6,"column":55}}]},"3":{"line":11,"type":"if","locations":[{"start":{"line":11,"column":4},"end":{"line":11,"column":4}},{"start":{"line":11,"column":4},"end":{"line":11,"column":4}}]},"4":{"line":16,"type":"if","locations":[{"start":{"line":16,"column":8},"end":{"line":16,"column":8}},{"start":{"line":16,"column":8},"end":{"line":16,"column":8}}]},"5":{"line":17,"type":"binary-expr","locations":[{"start":{"line":17,"column":10},"end":{"line":17,"column":50}},{"start":{"line":18,"column":10},"end":{"line":18,"column":50}},{"start":{"line":19,"column":10},"end":{"line":19,"column":50}}]},"6":{"line":21,"type":"if","locations":[{"start":{"line":21,"column":10},"end":{"line":21,"column":10}},{"start":{"line":21,"column":10},"end":{"line":21,"column":10}}]},"7":{"line":21,"type":"binary-expr","locations":[{"start":{"line":21,"column":14},"end":{"line":21,"column":47}},{"start":{"line":21,"column":51},"end":{"line":21,"column":91}}]},"8":{"line":24,"type":"if","locations":[{"start":{"line":24,"column":15},"end":{"line":24,"column":15}},{"start":{"line":24,"column":15},"end":{"line":24,"column":15}}]},"9":{"line":25,"type":"binary-expr","locations":[{"start":{"line":25,"column":10},"end":{"line":25,"column":50}},{"start":{"line":26,"column":10},"end":{"line":26,"column":56}},{"start":{"line":27,"column":10},"end":{"line":27,"column":58}},{"start":{"line":28,"column":10},"end":{"line":28,"column":47}}]},"10":{"line":30,"type":"if","locations":[{"start":{"line":30,"column":10},"end":{"line":30,"column":10}},{"start":{"line":30,"column":10},"end":{"line":30,"column":10}}]},"11":{"line":30,"type":"binary-expr","locations":[{"start":{"line":30,"column":14},"end":{"line":30,"column":47}},{"start":{"line":30,"column":51},"end":{"line":30,"column":91}}]},"12":{"line":34,"type":"if","locations":[{"start":{"line":34,"column":15},"end":{"line":34,"column":15}},{"start":{"line":34,"column":15},"end":{"line":34,"column":15}}]}},"code":["module.exports = function lgGutter(css, settings) {","  var gutter = settings.gutter;","  css.walkDecls( declaration => {","    if (","      /(\\$lost-gutter)/g.test(declaration.value) &&","      !/(\\$lost-gutter-local)/g.test(declaration.value)","    ) {","      var newGlobalValue = declaration.value.replace(/(\\$lost-gutter)/g, gutter);","      declaration.value = newGlobalValue;","    }","    if (/(\\$lost-gutter-local)/g.test(declaration.value)) {","      var newLocalValue = gutter;","      declaration.parent.nodes.forEach( parentDeclaration => {","        var declarationArray = parentDeclaration.value.split(' ');","","        if (","          parentDeclaration.prop === 'lost-column' ||","          parentDeclaration.prop === 'lost-waffle' ||","          parentDeclaration.prop === 'lost-offset'","        ) {","          if (declarationArray[2] !== undefined && declarationArray[2].search(/^\\d/) !== -1) {","            newLocalValue = declarationArray[2];","          }","        } else if (","          parentDeclaration.prop === 'lost-center' ||","          parentDeclaration.prop === 'lost-masonry-wrap' ||","          parentDeclaration.prop === 'lost-masonry-column' ||","          parentDeclaration.prop === 'lost-row'","        ) {","          if (declarationArray[1] !== undefined && declarationArray[1].search(/^\\d/) !== -1) {","            newLocalValue = declarationArray[1];","","          }","        } else if (parentDeclaration.prop === 'lost-column-gutter') {","          newLocalValue = parentDeclaration.value;","        }","","        declaration.value = newLocalValue;","      });","","      newLocalValue = declaration.value.replace(/(\\$lost-gutter-local)/g, gutter);","      declaration.value = newLocalValue;","    }","","  });","};",""],"l":{"1":1,"2":0,"3":0,"4":0,"8":0,"9":0,"11":0,"12":0,"13":0,"14":0,"16":0,"21":0,"22":0,"24":0,"30":0,"31":0,"34":0,"35":0,"38":0,"41":0,"42":0}},"/home/travis/build/npmtest/node-npmtest-lost/node_modules/lost/.eslintrc.js":{"path":"/home/travis/build/npmtest/node-npmtest-lost/node_modules/lost/.eslintrc.js","s":{"1":1},"b":{},"f":{},"fnMap":{},"statementMap":{"1":{"start":{"line":1,"column":0},"end":{"line":28,"column":2}}},"branchMap":{},"code":["module.exports = {","    'env': {","        'es6': true,","        'node': true","    },","    'extends': 'eslint:recommended',","    'parserOptions': {","        'sourceType': 'module'","    },","    'rules': {","        'indent': [","            'error',","            2","        ],","        'linebreak-style': [","            'error',","            'unix'","        ],","        'quotes': [","            'error',","            'single'","        ],","        'semi': [","            'error',","            'always'","        ]","    }","};",""],"l":{"1":1}}}